PyTorch Version: torch=2.3.0+cu121, cuda=12.1, cudnn=8902
ADACONTRAST:
  ALPHA: 1.0
  BETA: 1.0
  CE_SUP_TYPE: weak_strong
  CE_TYPE: standard
  CONTRAST_TYPE: class_aware
  DIST_TYPE: cosine
  ETA: 1.0
  NUM_NEIGHBORS: 10
  QUEUE_SIZE: 16384
  REFINE_METHOD: nearest_neighbors
ATTACK:
  ALGO: SurrogateModelEstimateAttack
  DATA_TYPE: non_uniform_batch
  OBJECTIVE:
    BLEAttackingObjective:
      UPDATE_STEP_SCALE: 0.1
    NAMES: ['BLEAttackingObjective', 'Distribution_Regularization']
    NHEAttackingObjective:
      UPDATE_STEP_SCALE: 0.1
  POISONING_RATIO: 0.5
  UPDATE_STEP_SCALE: 1.0
BN:
  ALPHA: 0.1
CKPT_DIR: ./ckpt
CONTRAST:
  MODE: all
  PROJECTION_DIM: 128
  TEMPERATURE: 0.1
CORRUPTION:
  DATASET: cifar10_c
  NUM_EX: -1
  SEVERITY: [5]
  TYPE: ['gaussian_noise', 'shot_noise', 'impulse_noise', 'defocus_blur', 'glass_blur', 'motion_blur', 'zoom_blur', 'snow', 'frost', 'fog', 'brightness', 'contrast', 'elastic_transform', 'pixelate', 'jpeg_compression']
COTTA:
  AP: 0.92
  RST: 0.01
Distribution_RegularizationCUDNN:
  BENCHMARK: True
DATA_DIR: ./data
DESC: 
DETERMINISM: False
EATA:
  D_MARGIN: 0.05
  FISHER_ALPHA: 2000.0
GTTA:
  LAMBDA_MIXUP: 0.3333333333333333
  PRETRAIN_STEPS_ADAIN: 20000
  STEPS_ADAIN: 1
  USE_STYLE_TRANSFER: False
LAME:
  AFFINITY: rbf
  FORCE_SYMMETRY: False
  KNN: 5
  SIGMA: 1.0
LOG_DEST: sar_240922_191028.txt
LOG_TIME: 240922_191028
MODEL:
  ADAPTATION: sar
  ARCH: Standard
  CKPT_PATH: 
  EPISODIC: False
  RESET_AFTER_NUM_UPDATES: 0
  WEIGHTS: IMAGENET1K_V1
M_TEACHER:
  MOMENTUM: 0.999
OPTIM:
  BETA: 0.9
  DAMPENING: 0.0
  LR: 0.001
  METHOD: Adam
  MOMENTUM: 0.9
  NESTEROV: True
  STEPS: 1
  WD: 0.0
PRINT_EVERY: -1
RMT:
  LAMBDA_CE_SRC: 1.0
  LAMBDA_CE_TRG: 1.0
  LAMBDA_CONT: 1.0
  NUM_SAMPLES_WARM_UP: 50000
RNG_SEED: 1
ROID:
  MOMENTUM_PROBS: 0.9
  MOMENTUM_SRC: 0.99
  TEMPERATURE: 0.3333333333333333
  USE_CONSISTENCY: True
  USE_PRIOR_CORRECTION: True
  USE_WEIGHTING: True
ROTTA:
  ALPHA: 0.05
  LAMBDA_T: 1.0
  LAMBDA_U: 1.0
  MEMORY_SIZE: 64
  NU: 0.001
  UPDATE_FREQUENCY: 64
RPL:
  Q: 0.8
SANTA:
  LAMBDA_CE_TRG: 1.0
  LAMBDA_CONT: 1.0
SAR:
  RESET_CONSTANT_EM: 0.2
SAVE_DIR: ./output/sar_cifar10_c_240922_191028
SETTING: continual_poisoning_attack
SOURCE:
  NUM_SAMPLES: -1
  NUM_WORKERS: 4
  PERCENTAGE: 1.0
TENT_D:
  BN_MOMENTUM: 0.2
  DATA_AUGMENTATION: False
  EMA_MODEL: False
  ENSEMBLE_MOMENTUM: 0.01
  ENSEMBLE_SOURCE_PARAM: False
  ENTROPY_THRESHOLD: False
  MEDIA_BN: False
  MODEL_MOMENTUM: 0.001
  M_DIA: False
  THRESHOLD_VALUE: 0.05
TEST:
  BATCH_SIZE: 200
  DELTA_DIRICHLET: 0.0
  NUM_WORKERS: 4
  N_AUGMENTATIONS: 32
  WINDOW_LENGTH: 1
TRIBE:
  ETA: 0.005
  GAMMA: 0.0
  H0: 0.05
  LAMBDA: 0.5
TTAC:
  CLASSIFIER: fc
Successfully prepared test-time adaptation method: sar
Using the following domain sequence: ['gaussian_noise', 'shot_noise', 'impulse_noise', 'defocus_blur', 'glass_blur', 'motion_blur', 'zoom_blur', 'snow', 'frost', 'fog', 'brightness', 'contrast', 'elastic_transform', 'pixelate', 'jpeg_compression']
resetting model
200 197
198 196
198 197
200 200
199 195
199 195
200 199
196 195
200 198
200 199
199 197
200 198
200 197
200 199
200 198
200 199
200 199
199 196
200 199
200 199
200 199
200 200
200 196
200 197
200 196
188 183
186 177
187 180
184 177
184 170
181 171
180 175
186 180
181 175
171 160
189 182
180 175
177 168
185 176
182 177
184 175
188 182
191 178
189 184
189 179
181 173
180 177
181 174
177 169
185 178
cifar10_c error % [gaussian_noise5][#samples=5000]: 30.16%; 30.13%
199 199
200 200
200 199
200 195
197 192
198 195
199 197
199 198
200 198
200 199
200 198
196 193
199 196
198 197
197 193
199 198
199 199
200 195
199 197
200 198
199 194
200 198
199 196
197 196
198 192
183 177
185 176
177 167
182 171
185 179
178 172
181 175
186 170
182 174
181 172
181 168
185 171
186 174
182 175
173 164
176 171
183 173
186 182
182 173
179 174
188 176
184 179
175 162
180 178
190 178
cifar10_c error % [shot_noise5][#samples=5000]: 31.62%; 31.56%
200 200
199 198
194 190
200 198
199 197
200 195
200 197
200 198
200 198
199 197
197 194
198 194
198 196
200 195
198 195
200 197
199 198
200 197
200 194
200 197
199 197
198 196
199 199
200 198
199 193
176 165
181 173
175 161
172 155
179 172
182 170
175 164
169 150
180 170
175 169
171 160
179 170
171 161
173 165
168 162
177 163
185 174
175 167
170 158
177 165
179 165
168 155
170 163
168 156
181 171
cifar10_c error % [impulse_noise5][#samples=5000]: 45.36%; 45.32%
174 162
166 152
168 157
168 155
167 157
171 157
166 154
169 157
177 169
172 165
176 166
165 153
178 169
175 168
169 159
168 153
174 156
174 167
173 165
174 163
177 167
167 154
170 165
169 157
164 151
196 193
194 193
194 191
194 192
192 189
196 193
196 191
196 193
193 188
194 187
190 186
191 191
194 192
192 186
195 195
197 193
197 196
195 193
194 189
197 192
196 193
196 194
194 189
191 187
195 191
cifar10_c error % [defocus_blur5][#samples=5000]: 13.52%; 13.51%
189 177
187 182
185 176
182 177
184 175
183 175
187 176
186 178
189 182
192 185
190 175
182 171
190 178
184 174
187 175
191 180
187 181
188 180
192 185
188 177
187 176
184 172
185 175
187 176
188 177
177 171
174 167
178 166
183 171
185 178
174 164
179 174
177 167
183 174
181 171
176 161
177 166
178 163
174 165
180 173
184 178
180 175
183 172
174 167
173 163
182 173
165 159
175 167
182 177
183 171
cifar10_c error % [glass_blur5][#samples=5000]: 43.68%; 43.74%
171 161
169 155
172 163
176 157
179 168
174 162
170 157
173 161
183 171
173 160
173 164
178 165
171 160
179 167
165 156
173 160
177 163
174 163
180 175
171 158
181 173
172 154
167 153
173 163
169 156
191 187
195 187
189 188
188 184
188 183
191 187
193 187
190 185
192 188
195 194
195 191
197 190
194 190
191 190
190 186
189 185
193 189
194 192
188 183
193 189
192 185
195 190
193 187
190 188
192 190
cifar10_c error % [motion_blur5][#samples=5000]: 17.00%; 16.98%
173 163
172 160
178 170
169 158
176 167
181 168
176 166
177 163
172 160
178 166
179 169
172 165
180 169
180 171
180 172
176 165
177 165
172 156
178 170
176 167
170 164
181 172
182 174
180 171
174 165
189 188
191 186
197 191
192 191
194 189
194 187
193 188
193 186
189 183
193 188
194 191
194 192
194 189
188 180
189 185
192 188
192 189
196 192
191 185
189 186
194 189
193 189
193 188
192 189
195 189
cifar10_c error % [zoom_blur5][#samples=5000]: 17.20%; 17.14%
180 169
180 169
179 170
186 178
181 170
186 173
185 176
184 170
183 177
188 180
181 168
172 160
179 170
182 174
188 180
184 173
186 176
187 169
179 167
193 180
192 181
184 174
181 166
184 172
187 178
185 181
191 182
193 191
184 178
192 186
187 180
195 190
192 183
183 176
181 173
183 179
191 187
189 187
193 189
187 180
190 185
188 186
195 193
183 178
187 180
190 183
186 181
186 179
199 194
187 183
cifar10_c error % [snow5][#samples=5000]: 23.70%; 23.66%
195 188
191 186
191 181
188 184
188 178
188 178
187 175
190 184
190 179
193 186
190 182
189 176
191 181
194 189
194 184
191 189
192 181
195 181
197 193
196 189
190 186
193 190
191 186
192 182
194 186
189 181
187 176
189 182
190 177
183 175
183 176
191 181
179 177
183 168
185 180
178 173
190 181
188 179
184 176
190 184
186 179
185 179
190 182
186 181
193 185
184 177
187 172
190 179
184 173
189 181
cifar10_c error % [frost5][#samples=5000]: 26.92%; 26.89%
182 173
177 164
190 178
186 176
186 175
184 173
187 175
190 185
188 175
188 177
185 173
188 175
185 175
193 183
182 175
183 172
189 173
190 183
192 182
191 179
192 183
193 183
187 178
186 173
185 180
193 190
197 191
192 187
196 191
188 183
194 187
192 188
188 183
193 189
188 185
193 189
189 185
194 191
192 190
193 187
193 189
193 189
193 192
191 186
194 190
194 189
195 193
190 186
195 188
191 186
cifar10_c error % [fog5][#samples=5000]: 16.54%; 16.49%
182 169
174 165
187 175
178 166
190 179
178 168
180 171
183 168
191 182
182 175
178 172
183 175
182 173
176 167
182 174
184 178
183 176
185 170
179 169
186 179
189 184
188 181
176 161
190 181
184 171
194 191
194 192
198 193
197 191
194 188
195 195
199 196
194 191
194 190
197 194
197 193
194 190
198 192
199 192
197 193
197 195
194 191
195 194
196 195
195 191
197 194
193 190
193 193
195 190
196 189
cifar10_c error % [brightness5][#samples=5000]: 11.48%; 11.47%
176 156
154 136
169 162
156 143
169 157
167 153
171 151
157 143
157 145
164 150
166 152
159 152
169 161
166 156
161 151
159 144
165 154
167 156
166 156
167 150
174 162
171 153
166 150
169 153
170 160
193 190
193 190
193 189
191 187
192 187
192 185
194 190
193 191
188 182
196 191
193 187
188 181
192 184
191 189
192 186
188 187
198 194
198 193
189 188
197 191
193 192
192 186
196 194
191 187
191 186
cifar10_c error % [contrast5][#samples=5000]: 14.88%; 14.87%
190 183
189 184
188 179
186 177
186 173
187 181
183 176
186 178
189 182
191 186
189 183
183 173
190 182
188 184
188 174
187 177
190 175
187 182
186 177
182 171
196 190
184 176
190 176
186 178
190 185
189 181
187 175
184 178
183 171
181 171
185 174
172 161
184 175
177 171
178 171
184 177
183 172
180 168
183 173
176 171
177 171
177 169
183 175
187 178
181 172
181 167
184 175
173 161
186 177
185 178
cifar10_c error % [elastic_transform5][#samples=5000]: 37.42%; 37.44%
185 175
184 177
193 180
176 168
183 170
177 170
192 181
185 172
191 183
184 177
185 177
180 167
184 172
184 177
187 180
187 182
187 175
187 176
191 178
187 171
190 180
185 173
183 170
187 183
180 175
184 177
188 177
191 182
183 178
188 180
180 171
181 168
181 173
180 172
185 177
179 172
185 181
182 171
184 176
182 175
190 182
184 174
185 175
189 180
189 176
188 181
175 165
184 176
184 176
190 181
cifar10_c error % [pixelate5][#samples=5000]: 33.86%; 33.91%
185 174
186 177
191 183
185 176
183 172
185 177
187 179
189 179
188 180
186 176
193 183
191 186
192 185
183 177
187 173
188 173
188 181
189 176
189 183
193 182
194 185
187 179
186 175
185 179
186 175
177 168
174 163
180 171
178 167
182 170
171 157
174 165
179 162
176 171
180 173
174 161
179 166
175 165
183 174
187 172
180 172
179 168
180 170
177 165
180 167
182 168
176 166
176 167
178 170
173 169
cifar10_c error % [jpeg_compression5][#samples=5000]: 49.80%; 49.78%
mean error: 27.54%, mean error at 5: 27.54%, mean class error: 27.53%
