PyTorch Version: torch=2.3.0+cu121, cuda=12.1, cudnn=8902
ADACONTRAST:
  ALPHA: 1.0
  BETA: 1.0
  CE_SUP_TYPE: weak_strong
  CE_TYPE: standard
  CONTRAST_TYPE: class_aware
  DIST_TYPE: cosine
  ETA: 1.0
  NUM_NEIGHBORS: 10
  QUEUE_SIZE: 16384
  REFINE_METHOD: nearest_neighbors
ATTACK:
  ALGO: SurrogateModelEstimateAttack
  DATA_TYPE: batch
  OBJECTIVE:
    BLEAttackingObjective:
      UPDATE_STEP_SCALE: 0.1
    NAMES: ['NHEAttackingObjective', 'Distribution_Regularization']
    NHEAttackingObjective:
      UPDATE_STEP_SCALE: 0.5
  POISONING_RATIO: 0.5
  UPDATE_STEP_SCALE: 1.0
BN:
  ALPHA: 0.1
CKPT_DIR: ./ckpt
CONTRAST:
  MODE: all
  PROJECTION_DIM: 128
  TEMPERATURE: 0.1
CORRUPTION:
  DATASET: cifar10_c
  NUM_EX: -1
  SEVERITY: [5]
  TYPE: ['gaussian_noise', 'shot_noise', 'impulse_noise', 'defocus_blur', 'glass_blur', 'motion_blur', 'zoom_blur', 'snow', 'frost', 'fog', 'brightness', 'contrast', 'elastic_transform', 'pixelate', 'jpeg_compression']
COTTA:
  AP: 0.92
  RST: 0.01
Distribution_RegularizationCUDNN:
  BENCHMARK: True
DATA_DIR: ./data
DESC: 
DETERMINISM: False
EATA:
  D_MARGIN: 0.4
  FISHER_ALPHA: 1.0
GTTA:
  LAMBDA_MIXUP: 0.3333333333333333
  PRETRAIN_STEPS_ADAIN: 20000
  STEPS_ADAIN: 1
  USE_STYLE_TRANSFER: False
LAME:
  AFFINITY: rbf
  FORCE_SYMMETRY: False
  KNN: 5
  SIGMA: 1.0
LOG_DEST: eata_240922_173917.txt
LOG_TIME: 240922_173917
MODEL:
  ADAPTATION: eata
  ARCH: Standard
  CKPT_PATH: 
  EPISODIC: False
  RESET_AFTER_NUM_UPDATES: 0
  WEIGHTS: IMAGENET1K_V1
M_TEACHER:
  MOMENTUM: 0.999
OPTIM:
  BETA: 0.9
  DAMPENING: 0.0
  LR: 0.001
  METHOD: Adam
  MOMENTUM: 0.9
  NESTEROV: True
  STEPS: 1
  WD: 0.0
PRINT_EVERY: -1
RMT:
  LAMBDA_CE_SRC: 1.0
  LAMBDA_CE_TRG: 1.0
  LAMBDA_CONT: 1.0
  NUM_SAMPLES_WARM_UP: 50000
RNG_SEED: 1
ROID:
  MOMENTUM_PROBS: 0.9
  MOMENTUM_SRC: 0.99
  TEMPERATURE: 0.3333333333333333
  USE_CONSISTENCY: True
  USE_PRIOR_CORRECTION: True
  USE_WEIGHTING: True
ROTTA:
  ALPHA: 0.05
  LAMBDA_T: 1.0
  LAMBDA_U: 1.0
  MEMORY_SIZE: 64
  NU: 0.001
  UPDATE_FREQUENCY: 64
RPL:
  Q: 0.8
SANTA:
  LAMBDA_CE_TRG: 1.0
  LAMBDA_CONT: 1.0
SAR:
  RESET_CONSTANT_EM: 0.2
SAVE_DIR: ./output/eata_cifar10_c_240922_173917
SETTING: continual_poisoning_attack
SOURCE:
  NUM_SAMPLES: 2000
  NUM_WORKERS: 4
  PERCENTAGE: 1.0
TENT_D:
  BN_MOMENTUM: 0.2
  DATA_AUGMENTATION: False
  EMA_MODEL: False
  ENSEMBLE_MOMENTUM: 0.01
  ENSEMBLE_SOURCE_PARAM: False
  ENTROPY_THRESHOLD: False
  MEDIA_BN: False
  MODEL_MOMENTUM: 0.001
  M_DIA: False
  THRESHOLD_VALUE: 0.05
TEST:
  BATCH_SIZE: 200
  DELTA_DIRICHLET: 0.0
  NUM_WORKERS: 4
  N_AUGMENTATIONS: 32
  WINDOW_LENGTH: 1
TRIBE:
  ETA: 0.005
  GAMMA: 0.0
  H0: 0.05
  LAMBDA: 0.5
TTAC:
  CLASSIFIER: fc
Files already downloaded and verified
Successfully prepared test-time adaptation method: eata
Using the following domain sequence: ['gaussian_noise', 'shot_noise', 'impulse_noise', 'defocus_blur', 'glass_blur', 'motion_blur', 'zoom_blur', 'snow', 'frost', 'fog', 'brightness', 'contrast', 'elastic_transform', 'pixelate', 'jpeg_compression']
resetting model
185 151 151
13 5 5
186 160 160
33 15 15
187 136 136
30 10 10
188 143 143
26 6 6
188 161 161
22 13 13
178 163 163
22 11 11
186 174 174
28 15 15
191 171 171
22 14 14
186 173 173
26 14 14
189 171 171
32 12 12
191 161 161
25 10 10
189 159 159
25 11 11
191 150 150
36 11 11
191 168 168
28 10 10
190 173 173
26 8 8
187 145 145
26 5 5
188 174 174
33 16 16
190 177 177
50 19 19
190 171 171
39 22 22
187 153 153
41 18 18
190 166 166
38 17 17
190 174 174
43 19 19
189 158 158
43 13 13
190 175 175
41 29 29
193 183 183
cifar10_c error % [gaussian_noise5][#samples=5000]: 24.08%; 24.24%
45 19 19
189 174 174
47 17 17
196 183 183
64 26 26
191 157 157
56 25 25
193 184 184
53 25 25
196 173 173
48 20 20
188 147 147
50 20 20
195 183 183
60 23 23
193 173 173
56 23 23
194 163 163
52 26 26
192 181 181
40 19 19
195 152 152
49 12 12
199 182 182
47 18 18
191 143 143
56 16 16
192 155 155
61 22 22
196 180 180
56 19 19
190 176 176
50 14 14
188 184 184
58 27 27
192 175 175
66 29 29
194 160 160
56 25 25
194 158 158
67 28 28
194 169 169
71 24 24
191 176 176
67 25 25
194 176 176
56 27 27
193 180 180
69 30 30
195 160 160
cifar10_c error % [shot_noise5][#samples=5000]: 20.66%; 20.84%
35 8 8
190 151 151
36 16 16
189 151 151
43 12 12
189 147 147
53 14 14
187 148 148
49 18 18
191 162 162
37 11 11
189 164 164
52 13 13
190 159 159
48 12 12
188 150 150
49 11 11
191 152 152
51 15 15
191 167 167
36 10 10
194 137 137
46 12 12
194 162 162
42 9 9
194 144 144
46 9 9
185 128 128
52 11 11
188 152 152
60 15 15
186 158 158
53 18 18
184 148 148
47 16 16
192 136 136
59 16 16
182 148 148
50 20 20
187 131 131
62 15 15
193 140 140
61 13 13
189 158 158
57 12 12
192 135 135
61 18 18
198 144 144
67 25 25
193 148 148
cifar10_c error % [impulse_noise5][#samples=5000]: 30.60%; 30.81%
174 135 135
193 177 177
182 140 140
191 173 173
192 165 165
194 185 185
179 150 150
189 167 167
179 151 151
197 185 185
180 153 153
194 183 183
181 152 152
195 185 185
175 144 144
191 176 176
187 153 153
197 182 182
182 149 149
191 175 175
174 150 150
199 184 184
171 151 151
195 179 179
181 150 150
196 185 185
183 150 150
194 178 178
182 152 152
196 174 174
179 146 146
191 176 176
177 144 144
189 176 176
171 139 139
194 172 172
187 160 160
193 180 180
181 154 154
192 177 177
184 147 147
191 181 181
189 157 157
195 187 187
182 160 160
191 180 180
180 150 150
196 178 178
178 151 151
194 185 185
cifar10_c error % [defocus_blur5][#samples=5000]: 22.80%; 22.96%
127 88 88
185 167 167
114 57 57
189 171 171
138 90 90
192 150 150
126 81 81
189 163 163
135 90 90
196 174 174
125 71 71
194 169 169
128 89 89
191 159 159
131 83 83
194 171 171
138 84 84
191 174 174
129 83 83
188 174 174
118 69 69
191 175 175
129 85 85
189 171 171
133 84 84
192 169 169
138 88 88
193 176 176
130 84 84
194 158 158
131 87 87
191 178 178
133 99 99
191 168 168
131 88 88
193 174 174
138 106 106
192 176 176
139 93 93
194 175 175
139 91 91
193 180 180
144 92 92
189 168 168
144 97 97
196 178 178
141 93 93
193 181 181
141 97 97
193 174 174
cifar10_c error % [glass_blur5][#samples=5000]: 34.02%; 34.20%
175 152 152
196 176 176
179 148 148
197 182 182
187 159 159
193 177 177
177 143 143
197 174 174
185 139 139
196 185 185
179 147 147
196 183 183
182 147 147
195 182 182
177 137 137
196 179 179
183 146 146
196 189 189
179 149 149
191 178 178
180 153 153
195 183 183
178 142 142
197 182 182
180 135 135
194 178 178
182 151 151
195 181 181
174 138 138
197 173 173
180 149 149
197 178 178
173 144 144
192 172 172
175 147 147
197 182 182
183 151 151
198 182 182
183 155 155
193 182 182
182 144 144
196 189 189
186 155 155
195 183 183
189 159 159
196 184 184
187 152 152
193 182 182
182 143 143
197 187 187
cifar10_c error % [motion_blur5][#samples=5000]: 26.36%; 26.53%
176 144 144
199 183 183
175 134 134
196 173 173
186 155 155
198 184 184
187 153 153
190 179 179
183 153 153
198 187 187
184 155 155
200 182 182
187 158 158
196 184 184
187 153 153
195 185 185
186 146 146
196 188 188
179 151 151
193 172 172
188 158 158
196 190 190
191 157 157
199 184 184
189 161 161
197 175 175
185 156 156
194 187 187
187 151 151
193 176 176
180 150 150
197 181 181
183 147 147
193 178 178
182 154 154
199 183 183
183 160 160
199 185 185
187 158 158
194 179 179
190 156 156
198 188 188
193 165 165
196 179 179
185 158 158
195 186 186
185 145 145
196 188 188
190 159 159
197 185 185
cifar10_c error % [zoom_blur5][#samples=5000]: 23.64%; 23.82%
147 95 95
197 185 185
141 87 87
197 188 188
159 103 103
194 184 184
164 106 106
193 178 178
158 114 114
197 187 187
149 97 97
196 178 178
152 110 110
196 176 176
148 99 99
197 187 187
159 120 120
197 190 190
160 115 115
196 183 183
152 97 97
198 187 187
149 98 98
197 191 191
147 98 98
198 191 191
153 105 105
193 178 178
157 103 103
196 181 181
161 119 119
197 191 191
151 100 100
192 176 176
146 98 98
196 180 180
151 110 110
199 188 188
152 99 99
197 183 183
161 112 112
198 187 187
161 108 108
197 188 188
155 119 119
196 184 184
156 111 111
195 184 184
164 112 112
197 190 190
cifar10_c error % [snow5][#samples=5000]: 26.30%; 26.48%
166 123 123
196 177 177
174 127 127
198 188 188
176 133 133
199 185 185
171 133 133
194 179 179
170 125 125
196 182 182
169 120 120
197 187 187
170 124 124
194 181 181
166 117 117
198 183 183
176 131 131
198 190 190
166 124 124
197 176 176
170 134 134
195 183 183
173 116 116
196 183 183
174 124 124
192 181 181
170 127 127
196 188 188
166 112 112
195 179 179
170 121 121
197 183 183
166 117 117
197 176 176
169 125 125
198 183 183
181 132 132
197 184 184
175 136 136
195 181 181
166 124 124
196 182 182
178 132 132
198 186 186
168 133 133
196 185 185
171 132 132
196 188 188
176 125 125
199 189 189
cifar10_c error % [frost5][#samples=5000]: 30.30%; 30.51%
180 150 150
198 179 179
182 141 141
197 176 176
182 136 136
194 177 177
182 149 149
196 174 174
192 155 155
197 176 176
181 142 142
192 176 176
181 142 142
197 179 179
183 133 133
192 175 175
188 144 144
196 179 179
186 146 146
197 175 175
181 140 140
200 185 185
177 132 132
195 170 170
181 137 137
197 186 186
185 152 152
196 173 173
186 130 130
194 180 180
184 149 149
198 179 179
176 127 127
195 178 178
178 135 135
195 179 179
182 146 146
196 184 184
180 141 141
198 176 176
188 151 151
194 180 180
184 142 142
194 177 177
180 146 146
198 182 182
190 151 151
196 180 180
185 151 151
199 190 190
cifar10_c error % [fog5][#samples=5000]: 34.70%; 34.88%
173 127 127
197 189 189
174 126 126
198 178 178
183 142 142
197 187 187
181 137 137
195 185 185
183 148 148
200 191 191
180 128 128
199 191 191
173 141 141
199 194 194
172 122 122
192 186 186
188 146 146
196 180 180
174 134 134
194 185 185
172 134 134
197 188 188
173 136 136
197 192 192
181 138 138
198 187 187
178 144 144
198 188 188
173 127 127
199 182 182
184 139 139
198 187 187
171 128 128
199 183 183
173 127 127
195 176 176
182 142 142
195 188 188
179 132 132
195 184 184
179 141 141
198 183 183
177 123 123
200 189 189
186 150 150
197 187 187
175 136 136
197 189 189
176 140 140
199 188 188
cifar10_c error % [brightness5][#samples=5000]: 26.46%; 26.69%
197 178 178
196 182 182
197 183 183
198 188 188
194 175 175
195 181 181
197 181 181
198 186 186
197 145 145
199 191 191
198 171 171
198 185 185
199 181 181
197 177 177
196 175 175
198 184 184
199 175 175
198 187 187
194 175 175
194 179 179
197 174 174
198 184 184
191 171 171
198 174 174
198 178 178
197 184 184
194 182 182
199 184 184
196 176 176
195 181 181
195 171 171
197 177 177
195 179 179
196 180 180
196 171 171
197 183 183
198 178 178
199 185 185
197 174 174
199 182 182
195 179 179
199 187 187
195 175 175
199 187 187
195 184 184
196 183 183
192 168 168
197 177 177
197 186 186
198 185 185
cifar10_c error % [contrast5][#samples=5000]: 41.70%; 41.98%
181 134 134
197 178 178
181 129 129
198 180 180
182 146 146
196 182 182
185 133 133
194 175 175
179 139 139
197 182 182
177 123 123
196 185 185
186 132 132
197 184 184
181 139 139
197 187 187
176 139 139
197 184 184
179 137 137
200 187 187
181 117 117
198 182 182
181 144 144
197 187 187
173 131 131
197 179 179
176 142 142
200 181 181
182 133 133
197 182 182
184 143 143
199 183 183
179 133 133
195 181 181
173 128 128
195 182 182
183 141 141
198 188 188
179 137 137
196 180 180
184 138 138
197 189 189
179 137 137
195 181 181
182 136 136
197 191 191
180 144 144
198 188 188
179 139 139
197 181 181
cifar10_c error % [elastic_transform5][#samples=5000]: 34.90%; 35.17%
178 141 141
195 180 180
178 136 136
198 185 185
183 147 147
194 179 179
182 141 141
199 183 183
187 153 153
198 189 189
180 137 137
198 185 185
186 153 153
196 183 183
189 132 132
195 187 187
191 161 161
197 189 189
187 141 141
199 181 181
183 144 144
198 190 190
184 146 146
197 187 187
185 146 146
198 189 189
189 152 152
199 183 183
190 147 147
195 183 183
187 139 139
199 189 189
184 148 148
195 181 181
182 137 137
199 179 179
184 152 152
198 191 191
182 151 151
197 186 186
187 152 152
197 179 179
182 145 145
199 189 189
191 151 151
198 184 184
185 153 153
199 191 191
186 147 147
197 189 189
cifar10_c error % [pixelate5][#samples=5000]: 33.62%; 33.92%
182 146 146
198 186 186
185 143 143
199 181 181
191 143 143
194 176 176
187 149 149
197 183 183
192 145 145
196 177 177
182 145 145
199 190 190
190 156 156
198 187 187
184 140 140
196 186 186
188 151 151
197 190 190
184 149 149
194 181 181
185 141 141
197 187 187
181 135 135
196 190 190
186 146 146
196 183 183
186 154 154
199 193 193
186 141 141
199 183 183
189 150 150
199 179 179
181 139 139
196 179 179
181 148 148
197 179 179
184 150 150
198 185 185
186 150 150
198 181 181
187 154 154
199 189 189
185 146 146
197 186 186
191 148 148
198 186 186
190 152 152
198 188 188
189 150 150
198 190 190
cifar10_c error % [jpeg_compression5][#samples=5000]: 35.76%; 36.10%
mean error: 29.73%, mean error at 5: 29.73%, mean class error: 29.94%
