PyTorch Version: torch=2.3.0+cu121, cuda=12.1, cudnn=8902
ADACONTRAST:
  ALPHA: 1.0
  BETA: 1.0
  CE_SUP_TYPE: weak_strong
  CE_TYPE: standard
  CONTRAST_TYPE: class_aware
  DIST_TYPE: cosine
  ETA: 1.0
  NUM_NEIGHBORS: 10
  QUEUE_SIZE: 16384
  REFINE_METHOD: nearest_neighbors
ATTACK:
  ALGO: SurrogateModelEstimateAttack
  DATA_TYPE: batch
  OBJECTIVE:
    BLEAttackingObjective:
      UPDATE_STEP_SCALE: 0.1
    NAMES: ['NHEAttackingObjective', 'Distribution_Regularization']
    NHEAttackingObjective:
      UPDATE_STEP_SCALE: 0.1
  POISONING_RATIO: 0.5
  UPDATE_STEP_SCALE: 1.0
BN:
  ALPHA: 0.1
CKPT_DIR: ./ckpt
CONTRAST:
  MODE: all
  PROJECTION_DIM: 128
  TEMPERATURE: 0.1
CORRUPTION:
  DATASET: cifar10_c
  NUM_EX: -1
  SEVERITY: [5]
  TYPE: ['gaussian_noise', 'shot_noise', 'impulse_noise', 'defocus_blur', 'glass_blur', 'motion_blur', 'zoom_blur', 'snow', 'frost', 'fog', 'brightness', 'contrast', 'elastic_transform', 'pixelate', 'jpeg_compression']
COTTA:
  AP: 0.92
  RST: 0.01
Distribution_RegularizationCUDNN:
  BENCHMARK: True
DATA_DIR: ./data
DESC: 
DETERMINISM: False
EATA:
  D_MARGIN: 0.05
  FISHER_ALPHA: 2000.0
GTTA:
  LAMBDA_MIXUP: 0.3333333333333333
  PRETRAIN_STEPS_ADAIN: 20000
  STEPS_ADAIN: 1
  USE_STYLE_TRANSFER: False
LAME:
  AFFINITY: rbf
  FORCE_SYMMETRY: False
  KNN: 5
  SIGMA: 1.0
LOG_DEST: sar_240922_190926.txt
LOG_TIME: 240922_190926
MODEL:
  ADAPTATION: sar
  ARCH: Standard
  CKPT_PATH: 
  EPISODIC: False
  RESET_AFTER_NUM_UPDATES: 0
  WEIGHTS: IMAGENET1K_V1
M_TEACHER:
  MOMENTUM: 0.999
OPTIM:
  BETA: 0.9
  DAMPENING: 0.0
  LR: 0.001
  METHOD: Adam
  MOMENTUM: 0.9
  NESTEROV: True
  STEPS: 1
  WD: 0.0
PRINT_EVERY: -1
RMT:
  LAMBDA_CE_SRC: 1.0
  LAMBDA_CE_TRG: 1.0
  LAMBDA_CONT: 1.0
  NUM_SAMPLES_WARM_UP: 50000
RNG_SEED: 1
ROID:
  MOMENTUM_PROBS: 0.9
  MOMENTUM_SRC: 0.99
  TEMPERATURE: 0.3333333333333333
  USE_CONSISTENCY: True
  USE_PRIOR_CORRECTION: True
  USE_WEIGHTING: True
ROTTA:
  ALPHA: 0.05
  LAMBDA_T: 1.0
  LAMBDA_U: 1.0
  MEMORY_SIZE: 64
  NU: 0.001
  UPDATE_FREQUENCY: 64
RPL:
  Q: 0.8
SANTA:
  LAMBDA_CE_TRG: 1.0
  LAMBDA_CONT: 1.0
SAR:
  RESET_CONSTANT_EM: 0.2
SAVE_DIR: ./output/sar_cifar10_c_240922_190926
SETTING: continual_poisoning_attack
SOURCE:
  NUM_SAMPLES: -1
  NUM_WORKERS: 4
  PERCENTAGE: 1.0
TENT_D:
  BN_MOMENTUM: 0.2
  DATA_AUGMENTATION: False
  EMA_MODEL: False
  ENSEMBLE_MOMENTUM: 0.01
  ENSEMBLE_SOURCE_PARAM: False
  ENTROPY_THRESHOLD: False
  MEDIA_BN: False
  MODEL_MOMENTUM: 0.001
  M_DIA: False
  THRESHOLD_VALUE: 0.05
TEST:
  BATCH_SIZE: 200
  DELTA_DIRICHLET: 0.0
  NUM_WORKERS: 4
  N_AUGMENTATIONS: 32
  WINDOW_LENGTH: 1
TRIBE:
  ETA: 0.005
  GAMMA: 0.0
  H0: 0.05
  LAMBDA: 0.5
TTAC:
  CLASSIFIER: fc
Successfully prepared test-time adaptation method: sar
Using the following domain sequence: ['gaussian_noise', 'shot_noise', 'impulse_noise', 'defocus_blur', 'glass_blur', 'motion_blur', 'zoom_blur', 'snow', 'frost', 'fog', 'brightness', 'contrast', 'elastic_transform', 'pixelate', 'jpeg_compression']
resetting model
0 0
184 173
0 0
186 176
0 0
186 181
0 0
186 181
0 0
187 183
0 0
174 169
0 0
188 177
1 0
188 179
0 0
185 182
0 0
187 178
0 0
186 179
0 0
184 179
0 0
190 184
1 1
187 180
0 0
181 175
1 0
186 178
0 0
187 177
0 0
188 183
0 0
180 174
0 0
184 177
0 0
186 182
0 0
192 183
0 0
186 178
0 0
187 178
0 0
188 180
cifar10_c error % [gaussian_noise5][#samples=5000]: 27.92%; 28.05%
1 0
186 178
1 0
192 188
1 0
185 178
0 0
191 183
0 0
189 179
0 0
180 175
0 0
187 181
0 0
181 175
0 0
191 179
0 0
188 180
1 1
186 180
0 0
190 189
0 0
186 182
2 0
186 179
1 0
189 182
0 0
189 180
1 0
187 184
0 0
191 186
0 0
186 180
0 0
186 180
0 0
184 182
0 0
182 176
0 0
186 182
1 0
186 182
0 0
195 191
cifar10_c error % [shot_noise5][#samples=5000]: 25.50%; 25.60%
0 0
177 171
1 0
179 170
0 0
178 166
0 0
184 179
0 0
186 179
0 0
169 160
0 0
186 179
0 0
182 174
0 0
182 176
0 0
181 169
0 0
180 174
0 0
186 180
0 0
182 177
0 0
181 167
0 0
185 180
0 0
184 176
0 0
173 165
0 0
181 172
0 0
173 165
0 0
181 173
1 0
190 180
0 0
181 171
1 0
183 178
0 0
184 179
0 0
185 174
cifar10_c error % [impulse_noise5][#samples=5000]: 35.94%; 36.10%
73 62
194 193
75 64
193 192
99 83
196 193
93 68
197 192
79 62
193 186
72 57
194 193
87 74
192 189
82 62
196 192
83 68
191 191
86 65
196 195
76 57
191 188
75 58
197 196
74 61
195 192
90 75
196 192
74 59
190 186
80 64
198 196
81 60
195 191
76 59
195 191
85 66
192 186
74 59
197 192
81 62
196 193
88 69
191 188
69 58
192 192
81 69
195 192
102 79
197 193
cifar10_c error % [defocus_blur5][#samples=5000]: 12.78%; 12.85%
11 6
186 177
12 5
180 176
27 18
178 172
14 7
176 169
19 13
187 181
15 9
182 173
16 9
179 172
16 9
187 177
28 14
190 186
19 8
182 178
14 6
182 175
13 7
187 179
13 7
186 177
20 12
181 173
23 14
193 185
25 14
182 178
19 12
186 178
23 14
181 178
21 13
188 185
17 9
180 174
28 17
182 175
19 11
183 178
25 16
183 175
19 10
182 170
30 17
191 182
cifar10_c error % [glass_blur5][#samples=5000]: 31.98%; 32.22%
67 45
194 192
71 54
196 194
91 71
193 190
78 59
197 196
77 64
196 193
72 53
196 194
76 61
195 190
77 57
193 189
76 65
196 194
79 57
194 190
67 57
197 194
69 55
194 191
74 59
194 191
66 51
194 190
71 53
191 190
72 57
196 190
72 57
191 186
82 69
195 192
76 65
194 190
71 65
195 192
82 68
194 193
82 68
193 190
72 58
194 193
71 56
192 187
88 71
197 195
cifar10_c error % [motion_blur5][#samples=5000]: 14.18%; 14.30%
80 61
195 195
76 63
192 187
90 81
196 191
89 74
195 193
96 84
193 192
80 66
196 191
97 78
195 193
91 74
194 189
97 78
197 197
82 70
195 190
80 64
190 187
80 70
198 196
82 73
195 190
84 69
196 195
94 72
194 190
102 86
196 195
83 68
193 190
89 69
196 190
104 84
194 191
96 73
195 192
94 80
195 192
106 94
190 187
89 76
192 190
89 71
194 192
94 82
195 194
cifar10_c error % [zoom_blur5][#samples=5000]: 11.84%; 11.93%
32 21
196 195
31 22
191 185
33 23
193 192
33 24
189 187
30 26
192 187
26 20
193 186
34 27
194 191
35 23
195 189
31 22
191 189
28 20
193 190
26 20
194 189
28 20
187 184
25 20
191 190
35 23
197 196
34 23
193 186
41 31
195 187
35 25
191 186
36 26
195 188
36 28
194 193
28 19
189 183
44 35
188 182
41 30
191 187
34 29
189 186
36 24
193 190
45 35
192 188
cifar10_c error % [snow5][#samples=5000]: 19.14%; 19.27%
46 33
194 190
26 16
192 186
47 34
192 186
41 30
188 184
36 26
195 191
37 26
192 191
41 29
193 188
34 25
194 189
41 26
193 190
40 25
194 190
29 20
194 188
39 28
195 191
40 31
190 188
43 32
195 191
46 33
189 186
48 39
191 187
44 32
189 188
39 30
190 187
56 40
196 193
46 35
189 185
52 43
189 185
46 36
192 186
46 41
195 191
41 33
195 192
50 40
194 191
cifar10_c error % [frost5][#samples=5000]: 21.56%; 21.69%
67 52
194 193
61 47
189 186
73 62
184 182
74 58
192 189
64 53
193 192
72 57
189 187
70 60
193 190
71 54
188 182
74 55
187 183
68 55
191 189
73 66
194 192
64 49
192 186
68 60
188 184
65 54
190 187
80 69
190 187
69 61
192 187
78 67
193 191
78 65
187 182
69 53
193 189
69 59
190 187
75 64
192 190
88 78
186 183
85 73
193 186
78 65
195 191
90 75
194 193
cifar10_c error % [fog5][#samples=5000]: 23.30%; 23.47%
77 65
197 196
80 66
199 198
101 88
196 194
84 71
196 193
95 87
196 193
80 74
199 197
81 70
194 193
86 74
197 194
90 80
197 195
82 70
196 191
82 63
198 195
74 66
198 196
79 72
196 192
82 74
196 190
92 81
197 192
83 76
197 197
78 68
195 193
91 80
198 198
79 70
197 193
78 69
194 193
88 81
195 191
96 83
196 196
90 77
194 193
79 74
197 195
94 83
195 190
cifar10_c error % [brightness5][#samples=5000]: 16.14%; 16.26%
156 143
191 189
151 143
192 189
153 144
192 188
158 149
187 183
155 149
193 191
159 152
188 179
170 159
194 188
157 148
192 191
158 144
192 189
151 142
192 188
157 149
189 188
157 145
192 190
152 144
191 186
154 146
193 189
153 142
191 188
158 150
193 190
166 159
191 186
158 150
191 188
157 148
188 187
152 142
195 192
164 158
197 191
165 150
192 189
161 153
184 182
156 144
188 182
160 149
193 193
cifar10_c error % [contrast5][#samples=5000]: 28.36%; 28.62%
79 69
190 187
74 65
187 181
91 78
188 181
76 69
190 186
86 74
188 183
80 66
192 189
86 78
187 186
87 81
195 190
84 74
190 186
82 71
189 184
78 72
191 188
84 75
196 194
84 74
187 185
84 75
184 175
94 86
186 184
85 71
189 184
82 72
189 185
91 82
187 183
79 71
189 187
86 76
189 185
89 82
190 184
91 79
189 185
88 77
187 185
81 73
190 183
82 76
192 192
cifar10_c error % [elastic_transform5][#samples=5000]: 31.80%; 32.09%
81 73
193 191
79 72
188 184
93 86
190 187
91 84
186 181
92 86
184 182
93 83
192 188
85 84
191 188
78 73
194 189
89 81
196 194
98 91
188 185
78 71
194 189
82 74
196 191
88 84
189 187
84 73
190 183
97 90
190 188
83 73
193 191
82 73
189 186
87 76
192 184
87 84
187 184
87 80
186 184
96 86
187 185
89 79
191 186
91 84
187 182
94 81
189 183
93 79
189 184
cifar10_c error % [pixelate5][#samples=5000]: 30.64%; 30.95%
82 75
191 188
81 75
189 183
97 88
186 181
92 85
189 186
92 84
189 181
89 80
193 189
95 87
190 187
95 86
186 178
99 91
186 183
92 83
193 185
87 83
193 189
85 76
196 190
94 87
190 188
99 87
187 184
99 92
186 183
98 85
188 187
94 78
189 181
99 89
183 180
91 82
193 190
93 82
188 183
102 95
192 190
103 95
187 180
96 86
186 181
96 84
188 183
96 87
189 186
cifar10_c error % [jpeg_compression5][#samples=5000]: 37.28%; 37.59%
mean error: 24.56%, mean error at 5: 24.56%, mean class error: 24.73%
