PyTorch Version: torch=2.3.0+cu121, cuda=12.1, cudnn=8902
ADACONTRAST:
  ALPHA: 1.0
  BETA: 1.0
  CE_SUP_TYPE: weak_strong
  CE_TYPE: standard
  CONTRAST_TYPE: class_aware
  DIST_TYPE: cosine
  ETA: 1.0
  NUM_NEIGHBORS: 10
  QUEUE_SIZE: 16384
  REFINE_METHOD: nearest_neighbors
ATTACK:
  ALGO: SurrogateModelEstimateAttack
  DATA_TYPE: non_uniform_batch
  OBJECTIVE:
    BLEAttackingObjective:
      UPDATE_STEP_SCALE: 0.1
    NAMES: ['NHEAttackingObjective', 'Distribution_Regularization']
    NHEAttackingObjective:
      UPDATE_STEP_SCALE: 0.1
  POISONING_RATIO: 0.5
  UPDATE_STEP_SCALE: 1.0
BN:
  ALPHA: 0.1
CKPT_DIR: ./ckpt
CONTRAST:
  MODE: all
  PROJECTION_DIM: 128
  TEMPERATURE: 0.1
CORRUPTION:
  DATASET: cifar10_c
  NUM_EX: -1
  SEVERITY: [5]
  TYPE: ['gaussian_noise', 'shot_noise', 'impulse_noise', 'defocus_blur', 'glass_blur', 'motion_blur', 'zoom_blur', 'snow', 'frost', 'fog', 'brightness', 'contrast', 'elastic_transform', 'pixelate', 'jpeg_compression']
COTTA:
  AP: 0.92
  RST: 0.01
Distribution_RegularizationCUDNN:
  BENCHMARK: True
DATA_DIR: ./data
DESC: 
DETERMINISM: False
EATA:
  D_MARGIN: 0.05
  FISHER_ALPHA: 2000.0
GTTA:
  LAMBDA_MIXUP: 0.3333333333333333
  PRETRAIN_STEPS_ADAIN: 20000
  STEPS_ADAIN: 1
  USE_STYLE_TRANSFER: False
LAME:
  AFFINITY: rbf
  FORCE_SYMMETRY: False
  KNN: 5
  SIGMA: 1.0
LOG_DEST: sar_240922_191126.txt
LOG_TIME: 240922_191126
MODEL:
  ADAPTATION: sar
  ARCH: Standard
  CKPT_PATH: 
  EPISODIC: False
  RESET_AFTER_NUM_UPDATES: 0
  WEIGHTS: IMAGENET1K_V1
M_TEACHER:
  MOMENTUM: 0.999
OPTIM:
  BETA: 0.9
  DAMPENING: 0.0
  LR: 0.001
  METHOD: Adam
  MOMENTUM: 0.9
  NESTEROV: True
  STEPS: 1
  WD: 0.0
PRINT_EVERY: -1
RMT:
  LAMBDA_CE_SRC: 1.0
  LAMBDA_CE_TRG: 1.0
  LAMBDA_CONT: 1.0
  NUM_SAMPLES_WARM_UP: 50000
RNG_SEED: 1
ROID:
  MOMENTUM_PROBS: 0.9
  MOMENTUM_SRC: 0.99
  TEMPERATURE: 0.3333333333333333
  USE_CONSISTENCY: True
  USE_PRIOR_CORRECTION: True
  USE_WEIGHTING: True
ROTTA:
  ALPHA: 0.05
  LAMBDA_T: 1.0
  LAMBDA_U: 1.0
  MEMORY_SIZE: 64
  NU: 0.001
  UPDATE_FREQUENCY: 64
RPL:
  Q: 0.8
SANTA:
  LAMBDA_CE_TRG: 1.0
  LAMBDA_CONT: 1.0
SAR:
  RESET_CONSTANT_EM: 0.2
SAVE_DIR: ./output/sar_cifar10_c_240922_191126
SETTING: continual_poisoning_attack
SOURCE:
  NUM_SAMPLES: -1
  NUM_WORKERS: 4
  PERCENTAGE: 1.0
TENT_D:
  BN_MOMENTUM: 0.2
  DATA_AUGMENTATION: False
  EMA_MODEL: False
  ENSEMBLE_MOMENTUM: 0.01
  ENSEMBLE_SOURCE_PARAM: False
  ENTROPY_THRESHOLD: False
  MEDIA_BN: False
  MODEL_MOMENTUM: 0.001
  M_DIA: False
  THRESHOLD_VALUE: 0.05
TEST:
  BATCH_SIZE: 200
  DELTA_DIRICHLET: 0.0
  NUM_WORKERS: 4
  N_AUGMENTATIONS: 32
  WINDOW_LENGTH: 1
TRIBE:
  ETA: 0.005
  GAMMA: 0.0
  H0: 0.05
  LAMBDA: 0.5
TTAC:
  CLASSIFIER: fc
Successfully prepared test-time adaptation method: sar
Using the following domain sequence: ['gaussian_noise', 'shot_noise', 'impulse_noise', 'defocus_blur', 'glass_blur', 'motion_blur', 'zoom_blur', 'snow', 'frost', 'fog', 'brightness', 'contrast', 'elastic_transform', 'pixelate', 'jpeg_compression']
resetting model
1 0
0 0
0 0
1 0
0 0
0 0
0 0
0 0
0 0
0 0
0 0
0 0
0 0
0 0
1 0
0 0
0 0
0 0
1 0
1 0
0 0
0 0
0 0
1 0
0 0
190 184
191 184
188 181
188 181
183 176
184 179
185 177
185 181
183 177
175 166
191 184
186 177
179 173
190 181
186 178
191 178
186 183
189 183
193 184
188 181
185 176
183 177
185 181
186 177
189 182
cifar10_c error % [gaussian_noise5][#samples=5000]: 27.64%; 27.61%
0 0
0 0
0 0
1 0
1 0
0 0
0 0
0 0
0 0
0 0
3 0
1 0
0 0
0 0
2 0
0 0
1 0
0 0
0 0
0 0
1 0
0 0
0 0
0 0
0 0
187 181
185 180
185 181
188 181
188 179
189 180
188 179
182 176
188 186
180 174
193 186
189 182
187 177
189 184
185 178
188 183
186 181
191 187
178 174
186 181
186 182
191 185
185 183
192 184
195 193
cifar10_c error % [shot_noise5][#samples=5000]: 25.18%; 25.14%
0 0
0 0
0 0
0 0
3 1
0 0
0 0
1 0
0 0
0 0
0 0
0 0
0 0
1 0
0 0
0 0
0 0
0 0
0 0
0 0
0 0
0 0
0 0
0 0
0 0
184 176
184 179
174 168
183 173
185 177
188 180
184 174
178 169
174 168
185 172
180 173
184 178
175 165
188 180
182 175
192 187
187 183
185 175
180 171
180 174
183 177
187 181
185 181
179 173
186 174
cifar10_c error % [impulse_noise5][#samples=5000]: 34.18%; 34.14%
66 49
73 55
66 51
90 67
77 59
77 56
70 54
83 65
84 73
101 84
77 65
83 68
78 62
73 55
86 65
69 49
72 60
79 67
72 58
89 70
87 71
86 64
81 61
94 74
86 63
198 191
195 192
196 193
196 193
189 187
196 193
200 196
194 192
195 193
193 185
195 191
197 195
192 190
197 194
197 194
199 198
195 193
199 197
195 190
197 191
194 191
192 191
195 192
194 192
197 193
cifar10_c error % [defocus_blur5][#samples=5000]: 12.40%; 12.38%
14 7
20 11
15 10
17 8
22 17
19 10
16 8
24 13
11 5
17 8
16 12
22 10
20 12
25 15
18 9
16 9
25 13
20 13
22 12
17 9
20 11
14 8
20 14
16 10
24 13
188 181
180 169
183 179
188 175
188 183
184 182
182 178
188 176
183 177
188 183
181 177
186 179
188 180
178 174
183 174
187 185
185 178
189 183
189 182
183 177
183 175
176 168
180 172
189 182
185 183
cifar10_c error % [glass_blur5][#samples=5000]: 32.60%; 32.64%
73 59
72 56
65 51
69 56
89 72
71 55
74 62
73 60
72 58
68 51
76 58
76 61
75 62
69 53
83 63
69 56
71 52
76 57
78 67
69 54
68 52
81 66
60 47
69 58
81 62
195 194
195 190
197 188
193 188
195 191
195 191
194 191
192 189
190 189
196 192
196 192
195 194
196 191
196 195
197 189
194 193
194 192
198 195
194 189
197 195
196 190
198 194
192 186
193 190
194 192
cifar10_c error % [motion_blur5][#samples=5000]: 13.94%; 13.92%
82 66
85 75
87 67
85 71
105 92
91 78
99 72
84 69
88 77
88 71
79 62
91 70
88 76
88 73
92 83
92 72
86 73
99 79
84 68
76 65
85 74
95 82
90 65
96 76
85 70
198 192
193 191
197 195
190 187
191 191
198 194
196 193
190 187
195 189
194 190
194 190
196 192
194 193
198 195
195 192
196 194
196 192
196 195
193 187
197 195
193 191
196 195
194 194
195 193
196 194
cifar10_c error % [zoom_blur5][#samples=5000]: 12.44%; 12.43%
41 26
31 23
24 18
37 27
34 24
40 31
34 23
28 16
32 18
27 18
25 18
30 20
38 27
30 21
31 21
41 26
43 34
29 21
35 28
32 25
23 19
41 36
22 17
26 18
37 27
189 187
194 188
198 197
191 190
193 191
192 190
191 188
195 194
190 184
192 184
190 189
195 194
193 191
192 190
188 180
194 191
187 182
196 195
190 187
195 191
187 183
190 188
195 188
193 193
192 188
cifar10_c error % [snow5][#samples=5000]: 19.88%; 19.83%
56 49
42 33
19 14
37 29
49 32
35 23
37 24
33 25
34 25
28 21
31 23
42 31
43 32
36 27
37 24
37 29
35 27
37 25
34 27
34 22
31 17
42 31
34 27
38 26
34 26
190 187
193 189
192 188
195 193
191 187
191 190
192 189
189 184
186 184
186 185
187 182
191 187
193 190
196 192
191 187
192 190
190 187
195 190
185 183
195 194
193 190
192 192
190 185
190 187
193 190
cifar10_c error % [frost5][#samples=5000]: 22.60%; 22.53%
58 47
69 56
56 47
59 47
69 55
67 56
68 61
61 51
70 60
57 48
64 54
58 50
65 51
47 44
70 55
63 53
70 54
70 51
59 48
60 50
64 54
65 53
62 47
73 58
67 56
189 185
191 186
189 187
190 184
192 190
191 186
190 185
192 188
192 188
190 188
186 184
191 185
192 191
195 191
187 184
192 187
194 192
196 195
190 185
194 190
192 188
188 186
191 185
194 193
194 191
cifar10_c error % [fog5][#samples=5000]: 23.42%; 23.36%
83 73
87 81
72 63
84 70
90 79
69 59
83 73
72 63
93 80
74 66
72 67
90 78
90 83
74 65
79 70
71 62
87 73
73 67
82 74
71 65
77 64
91 79
82 66
85 76
79 66
195 193
194 193
196 192
198 196
195 194
195 193
198 197
197 195
195 192
197 194
195 193
195 195
194 194
197 196
194 193
198 197
195 193
197 195
195 193
194 192
194 190
195 192
199 196
199 197
193 191
cifar10_c error % [brightness5][#samples=5000]: 16.28%; 16.25%
152 148
163 154
155 144
150 139
147 138
158 150
160 148
159 148
165 152
160 149
163 154
157 145
160 154
155 147
151 148
156 148
154 145
158 144
153 144
159 148
165 155
160 156
149 141
157 147
158 144
187 182
189 187
193 186
190 182
189 188
194 191
194 187
195 189
190 188
184 181
192 190
188 186
188 185
192 191
193 190
195 189
195 193
195 193
190 189
192 187
187 186
189 185
185 182
191 184
192 188
cifar10_c error % [contrast5][#samples=5000]: 29.18%; 29.15%
77 62
70 65
73 61
79 67
80 69
77 64
77 68
71 60
73 68
75 66
81 71
88 78
77 63
72 61
73 68
77 67
80 72
75 69
79 70
89 79
65 58
81 68
67 58
81 75
79 67
188 184
189 185
190 185
197 197
186 183
191 187
185 180
191 186
189 185
189 183
186 183
189 186
188 186
190 187
186 180
192 189
188 187
190 189
188 184
186 184
184 182
191 189
187 183
189 187
193 191
cifar10_c error % [elastic_transform5][#samples=5000]: 33.08%; 33.10%
84 69
89 79
82 74
92 81
93 86
69 60
84 76
83 70
93 84
79 71
82 77
95 87
90 77
77 65
69 64
91 83
90 79
94 86
85 76
91 82
86 76
92 83
84 81
89 77
82 76
193 188
193 192
190 186
195 191
192 190
192 188
194 187
189 184
192 190
193 187
190 187
186 184
192 185
191 189
189 188
191 188
188 183
194 190
190 186
190 188
185 181
189 185
191 185
190 187
193 189
cifar10_c error % [pixelate5][#samples=5000]: 32.38%; 32.41%
85 74
95 83
84 74
94 81
92 86
93 85
91 81
82 75
93 88
91 79
93 86
99 88
93 82
92 85
86 78
86 73
91 80
93 86
98 90
96 86
85 78
95 80
86 73
95 85
102 87
190 189
187 184
186 181
192 187
191 187
192 190
187 184
189 183
185 182
193 188
181 175
192 189
188 184
193 191
186 178
189 187
192 188
195 191
188 186
182 180
184 183
190 187
185 179
191 186
189 187
cifar10_c error % [jpeg_compression5][#samples=5000]: 38.98%; 38.98%
mean error: 24.95%, mean error at 5: 24.95%, mean class error: 24.92%
