PyTorch Version: torch=2.3.0+cu121, cuda=12.1, cudnn=8902
ADACONTRAST:
  ALPHA: 1.0
  BETA: 1.0
  CE_SUP_TYPE: weak_strong
  CE_TYPE: standard
  CONTRAST_TYPE: class_aware
  DIST_TYPE: cosine
  ETA: 1.0
  NUM_NEIGHBORS: 10
  QUEUE_SIZE: 16384
  REFINE_METHOD: nearest_neighbors
ATTACK:
  ALGO: SurrogateModelEstimateAttack
  DATA_TYPE: non_uniform_batch
  OBJECTIVE:
    BLEAttackingObjective:
      UPDATE_STEP_SCALE: 0.1
    NAMES: ['NHEAttackingObjective', 'Distribution_Regularization']
    NHEAttackingObjective:
      UPDATE_STEP_SCALE: 0.5
  POISONING_RATIO: 0.5
  UPDATE_STEP_SCALE: 1.0
BN:
  ALPHA: 0.1
CKPT_DIR: ./ckpt
CONTRAST:
  MODE: all
  PROJECTION_DIM: 128
  TEMPERATURE: 0.1
CORRUPTION:
  DATASET: cifar10_c
  NUM_EX: -1
  SEVERITY: [5]
  TYPE: ['gaussian_noise', 'shot_noise', 'impulse_noise', 'defocus_blur', 'glass_blur', 'motion_blur', 'zoom_blur', 'snow', 'frost', 'fog', 'brightness', 'contrast', 'elastic_transform', 'pixelate', 'jpeg_compression']
COTTA:
  AP: 0.92
  RST: 0.01
Distribution_RegularizationCUDNN:
  BENCHMARK: True
DATA_DIR: ./data
DESC: 
DETERMINISM: False
EATA:
  D_MARGIN: 0.4
  FISHER_ALPHA: 1.0
GTTA:
  LAMBDA_MIXUP: 0.3333333333333333
  PRETRAIN_STEPS_ADAIN: 20000
  STEPS_ADAIN: 1
  USE_STYLE_TRANSFER: False
LAME:
  AFFINITY: rbf
  FORCE_SYMMETRY: False
  KNN: 5
  SIGMA: 1.0
LOG_DEST: eata_240922_174018.txt
LOG_TIME: 240922_174018
MODEL:
  ADAPTATION: eata
  ARCH: Standard
  CKPT_PATH: 
  EPISODIC: False
  RESET_AFTER_NUM_UPDATES: 0
  WEIGHTS: IMAGENET1K_V1
M_TEACHER:
  MOMENTUM: 0.999
OPTIM:
  BETA: 0.9
  DAMPENING: 0.0
  LR: 0.001
  METHOD: Adam
  MOMENTUM: 0.9
  NESTEROV: True
  STEPS: 1
  WD: 0.0
PRINT_EVERY: -1
RMT:
  LAMBDA_CE_SRC: 1.0
  LAMBDA_CE_TRG: 1.0
  LAMBDA_CONT: 1.0
  NUM_SAMPLES_WARM_UP: 50000
RNG_SEED: 1
ROID:
  MOMENTUM_PROBS: 0.9
  MOMENTUM_SRC: 0.99
  TEMPERATURE: 0.3333333333333333
  USE_CONSISTENCY: True
  USE_PRIOR_CORRECTION: True
  USE_WEIGHTING: True
ROTTA:
  ALPHA: 0.05
  LAMBDA_T: 1.0
  LAMBDA_U: 1.0
  MEMORY_SIZE: 64
  NU: 0.001
  UPDATE_FREQUENCY: 64
RPL:
  Q: 0.8
SANTA:
  LAMBDA_CE_TRG: 1.0
  LAMBDA_CONT: 1.0
SAR:
  RESET_CONSTANT_EM: 0.2
SAVE_DIR: ./output/eata_cifar10_c_240922_174018
SETTING: continual_poisoning_attack
SOURCE:
  NUM_SAMPLES: 2000
  NUM_WORKERS: 4
  PERCENTAGE: 1.0
TENT_D:
  BN_MOMENTUM: 0.2
  DATA_AUGMENTATION: False
  EMA_MODEL: False
  ENSEMBLE_MOMENTUM: 0.01
  ENSEMBLE_SOURCE_PARAM: False
  ENTROPY_THRESHOLD: False
  MEDIA_BN: False
  MODEL_MOMENTUM: 0.001
  M_DIA: False
  THRESHOLD_VALUE: 0.05
TEST:
  BATCH_SIZE: 200
  DELTA_DIRICHLET: 0.0
  NUM_WORKERS: 4
  N_AUGMENTATIONS: 32
  WINDOW_LENGTH: 1
TRIBE:
  ETA: 0.005
  GAMMA: 0.0
  H0: 0.05
  LAMBDA: 0.5
TTAC:
  CLASSIFIER: fc
Files already downloaded and verified
Successfully prepared test-time adaptation method: eata
Using the following domain sequence: ['gaussian_noise', 'shot_noise', 'impulse_noise', 'defocus_blur', 'glass_blur', 'motion_blur', 'zoom_blur', 'snow', 'frost', 'fog', 'brightness', 'contrast', 'elastic_transform', 'pixelate', 'jpeg_compression']
resetting model
30 17 17
19 10 10
20 6 6
23 5 5
25 7 7
18 7 7
26 9 9
27 8 8
23 7 7
24 8 8
22 4 4
27 13 13
24 6 6
25 9 9
28 6 6
26 12 12
23 7 7
29 10 10
28 12 12
25 8 8
28 4 4
30 7 7
23 5 5
26 6 6
189 142 142
191 159 159
188 178 178
193 178 178
184 171 171
188 169 169
189 177 177
187 176 176
190 172 172
194 177 177
192 177 177
192 180 180
193 173 173
195 183 183
192 174 174
192 170 170
191 182 182
190 176 176
187 171 171
187 173 173
189 169 169
186 171 171
187 176 176
192 176 176
195 183 183
cifar10_c error % [gaussian_noise5][#samples=5000]: 22.86%; 22.88%
80 51 51
46 27 27
41 19 19
46 15 15
58 14 14
47 18 18
41 13 13
47 12 12
43 15 15
46 12 12
40 10 10
42 6 6
49 13 13
43 13 13
48 26 26
51 10 10
53 13 13
56 15 15
48 12 12
40 11 11
45 13 13
43 13 13
42 6 6
49 17 17
45 13 13
191 169 169
190 177 177
188 174 174
191 176 176
194 178 178
195 184 184
188 170 170
193 172 172
188 170 170
188 168 168
189 176 176
195 162 162
193 182 182
196 182 182
197 182 182
193 183 183
190 178 178
195 185 185
191 175 175
192 177 177
188 173 173
193 182 182
188 171 171
194 175 175
193 181 181
cifar10_c error % [shot_noise5][#samples=5000]: 20.68%; 20.69%
57 28 28
27 11 11
28 9 9
36 6 6
44 6 6
34 11 11
40 9 9
33 8 8
37 9 9
34 7 7
32 4 4
33 6 6
36 5 5
29 11 11
39 5 5
39 9 9
38 10 10
43 11 11
39 4 4
40 7 7
32 10 10
39 7 7
38 3 3
38 4 4
37 8 8
189 114 114
187 119 119
188 173 173
189 165 165
190 167 167
188 170 170
192 152 152
182 159 159
187 160 160
191 164 164
189 137 137
191 173 173
191 170 170
191 172 172
189 171 171
193 178 178
192 171 171
195 144 144
190 166 166
191 176 176
189 166 166
193 170 170
193 148 148
190 177 177
187 168 168
cifar10_c error % [impulse_noise5][#samples=5000]: 31.50%; 31.50%
174 146 146
179 137 137
167 127 127
181 129 129
180 157 157
182 147 147
177 139 139
175 133 133
165 137 137
171 141 141
176 140 140
177 144 144
178 142 142
174 141 141
176 150 150
185 147 147
179 149 149
176 140 140
174 140 140
174 139 139
176 140 140
177 144 144
184 142 142
177 140 140
177 152 152
194 184 184
191 179 179
194 177 177
196 183 183
193 183 183
193 181 181
196 185 185
189 173 173
193 181 181
188 177 177
194 183 183
196 183 183
197 187 187
194 182 182
193 176 176
191 185 185
197 187 187
195 179 179
193 180 180
198 185 185
186 173 173
193 183 183
195 186 186
194 181 181
195 185 185
cifar10_c error % [defocus_blur5][#samples=5000]: 19.78%; 19.79%
118 74 74
110 64 64
101 45 45
127 64 64
122 77 77
115 68 68
113 48 48
108 72 72
116 79 79
107 65 65
120 67 67
122 71 71
118 68 68
117 56 56
112 54 54
115 62 62
122 64 64
128 69 69
121 65 65
119 70 70
118 71 71
132 62 62
120 68 68
125 66 66
113 55 55
191 170 170
193 171 171
193 176 176
190 165 165
190 175 175
194 171 171
195 172 172
187 165 165
186 162 162
191 170 170
193 173 173
195 176 176
193 170 170
194 173 173
191 172 172
191 178 178
190 172 172
194 177 177
191 172 172
193 173 173
190 169 169
193 173 173
188 171 171
194 172 172
194 173 173
cifar10_c error % [glass_blur5][#samples=5000]: 34.48%; 34.52%
181 143 143
177 138 138
176 137 137
181 148 148
188 149 149
178 138 138
180 146 146
169 136 136
177 142 142
180 142 142
183 143 143
175 149 149
172 147 147
183 157 157
174 139 139
179 135 135
177 137 137
176 135 135
180 145 145
171 127 127
184 145 145
180 143 143
175 140 140
183 144 144
184 151 151
192 179 179
195 185 185
195 180 180
198 182 182
197 187 187
194 179 179
197 182 182
194 170 170
195 173 173
197 183 183
194 175 175
197 186 186
192 187 187
198 187 187
195 176 176
199 186 186
197 182 182
195 183 183
198 180 180
197 187 187
191 176 176
197 186 186
197 179 179
198 179 179
197 189 189
cifar10_c error % [motion_blur5][#samples=5000]: 22.98%; 22.97%
178 144 144
185 142 142
174 145 145
181 145 145
186 154 154
184 149 149
179 148 148
170 145 145
181 150 150
180 148 148
180 146 146
178 148 148
181 147 147
185 146 146
180 146 146
185 148 148
183 145 145
185 152 152
181 146 146
180 144 144
186 157 157
182 147 147
181 147 147
187 153 153
176 152 152
195 181 181
197 184 184
200 182 182
198 187 187
198 190 190
197 184 184
199 188 188
194 180 180
196 179 179
199 182 182
196 184 184
197 183 183
195 182 182
198 186 186
195 187 187
199 182 182
194 182 182
198 184 184
197 183 183
198 190 190
195 181 181
193 185 185
199 186 186
196 180 180
197 187 187
cifar10_c error % [zoom_blur5][#samples=5000]: 20.12%; 20.12%
137 86 86
139 74 74
138 71 71
151 95 95
149 94 94
150 107 107
132 86 86
137 88 88
139 97 97
135 85 85
146 91 91
144 88 88
139 93 93
142 93 93
134 84 84
132 87 87
149 91 91
143 98 98
150 109 109
134 81 81
143 91 91
151 85 85
140 93 93
149 100 100
135 80 80
198 185 185
196 183 183
196 181 181
194 176 176
196 181 181
196 180 180
195 183 183
198 180 180
197 182 182
195 178 178
195 177 177
196 182 182
197 179 179
198 185 185
193 169 169
197 184 184
198 178 178
197 183 183
197 180 180
198 186 186
195 181 181
199 157 157
198 186 186
193 179 179
196 186 186
cifar10_c error % [snow5][#samples=5000]: 26.60%; 26.54%
156 95 95
165 113 113
162 103 103
160 111 111
170 118 118
161 117 117
164 109 109
149 104 104
157 109 109
167 96 96
159 99 99
155 107 107
170 124 124
162 101 101
152 99 99
159 95 95
159 111 111
157 109 109
158 106 106
154 92 92
167 126 126
169 108 108
148 105 105
158 109 109
155 107 107
193 180 180
197 187 187
197 180 180
197 178 178
195 174 174
197 186 186
197 179 179
195 185 185
196 182 182
194 177 177
194 177 177
197 181 181
198 180 180
197 179 179
192 183 183
196 186 186
197 180 180
194 181 181
195 178 178
197 186 186
194 179 179
200 181 181
199 182 182
196 178 178
197 179 179
cifar10_c error % [frost5][#samples=5000]: 28.28%; 28.23%
176 127 127
176 124 124
176 127 127
173 122 122
176 132 132
176 133 133
172 129 129
171 122 122
176 121 121
180 129 129
180 121 121
174 122 122
170 129 129
180 120 120
163 122 122
166 111 111
169 130 130
169 129 129
170 131 131
171 123 123
171 128 128
183 145 145
186 139 139
174 123 123
172 130 130
195 180 180
197 178 178
196 184 184
194 173 173
192 175 175
191 177 177
197 182 182
189 170 170
194 181 181
197 183 183
194 176 176
197 178 178
195 183 183
195 175 175
198 180 180
196 182 182
193 171 171
195 178 178
195 182 182
198 185 185
194 178 178
197 180 180
190 174 174
194 182 182
199 182 182
cifar10_c error % [fog5][#samples=5000]: 32.04%; 31.99%
175 133 133
173 121 121
167 124 124
175 129 129
178 136 136
176 131 131
182 133 133
174 130 130
173 129 129
168 127 127
178 133 133
176 127 127
169 136 136
167 122 122
161 119 119
162 126 126
182 140 140
176 130 130
173 126 126
162 116 116
171 133 133
178 139 139
163 122 122
179 132 132
174 126 126
195 190 190
196 187 187
197 182 182
196 181 181
198 181 181
198 188 188
197 184 184
197 182 182
198 185 185
197 184 184
197 179 179
199 189 189
198 188 188
198 183 183
198 182 182
200 192 192
199 186 186
196 185 185
195 186 186
198 194 194
195 189 189
196 186 186
200 188 188
197 187 187
200 192 192
cifar10_c error % [brightness5][#samples=5000]: 22.46%; 22.45%
191 168 168
196 170 170
194 168 168
193 170 170
193 164 164
196 173 173
195 171 171
188 166 166
194 152 152
194 173 173
198 170 170
192 143 143
196 155 155
193 165 165
196 177 177
197 176 176
194 171 171
193 170 170
193 165 165
194 167 167
193 163 163
192 167 167
188 157 157
197 176 176
193 178 178
198 180 180
197 171 171
199 175 175
196 183 183
196 186 186
195 181 181
200 183 183
199 179 179
197 150 150
195 180 180
197 178 178
198 186 186
199 182 182
198 187 187
198 187 187
200 185 185
200 183 183
199 191 191
198 188 188
195 180 180
199 185 185
193 186 186
198 181 181
197 182 182
197 186 186
cifar10_c error % [contrast5][#samples=5000]: 35.16%; 35.15%
169 128 128
169 122 122
166 115 115
170 135 135
173 134 134
176 125 125
174 135 135
171 131 131
179 128 128
172 139 139
176 116 116
179 144 144
169 130 130
164 114 114
175 128 128
176 123 123
176 141 141
177 119 119
179 130 130
171 120 120
168 117 117
180 122 122
177 126 126
174 128 128
160 106 106
197 186 186
194 178 178
195 180 180
199 179 179
196 179 179
199 188 188
197 183 183
194 178 178
197 190 190
197 181 181
197 180 180
199 183 183
199 184 184
195 182 182
196 170 170
197 183 183
196 187 187
197 180 180
199 185 185
196 184 184
200 184 184
199 186 186
200 190 190
199 186 186
198 184 184
cifar10_c error % [elastic_transform5][#samples=5000]: 32.16%; 32.14%
180 127 127
182 129 129
171 138 138
186 141 141
183 143 143
185 143 143
175 140 140
178 133 133
178 142 142
173 125 125
180 132 132
176 129 129
176 132 132
172 133 133
178 120 120
172 137 137
188 146 146
181 143 143
189 146 146
180 129 129
173 132 132
180 143 143
184 144 144
185 140 140
178 130 130
198 189 189
199 188 188
198 189 189
199 190 190
196 178 178
199 183 183
195 180 180
199 179 179
193 181 181
198 187 187
196 185 185
198 188 188
199 184 184
198 193 193
199 180 180
199 189 189
198 184 184
198 188 188
196 180 180
194 183 183
198 174 174
200 194 194
197 187 187
199 183 183
200 184 184
cifar10_c error % [pixelate5][#samples=5000]: 30.26%; 30.23%
180 139 139
175 118 118
173 124 124
181 125 125
175 134 134
178 132 132
178 136 136
172 125 125
174 141 141
173 137 137
176 133 133
178 138 138
183 135 135
185 144 144
174 130 130
175 135 135
188 146 146
183 136 136
175 132 132
168 127 127
173 139 139
178 130 130
185 135 135
182 138 138
172 114 114
197 187 187
198 187 187
195 186 186
197 177 177
199 184 184
200 187 187
194 185 185
197 187 187
199 189 189
198 189 189
195 180 180
199 188 188
199 188 188
198 187 187
196 176 176
199 191 191
198 187 187
200 189 189
199 183 183
196 184 184
198 182 182
197 185 185
199 182 182
200 187 187
199 189 189
cifar10_c error % [jpeg_compression5][#samples=5000]: 34.04%; 34.02%
mean error: 27.56%, mean error at 5: 27.56%, mean class error: 27.55%
