PyTorch Version: torch=2.3.0+cu121, cuda=12.1, cudnn=8902
ADACONTRAST:
  ALPHA: 1.0
  BETA: 1.0
  CE_SUP_TYPE: weak_strong
  CE_TYPE: standard
  CONTRAST_TYPE: class_aware
  DIST_TYPE: cosine
  ETA: 1.0
  NUM_NEIGHBORS: 10
  QUEUE_SIZE: 16384
  REFINE_METHOD: nearest_neighbors
ATTACK:
  ALGO: SurrogateModelEstimateAttack
  DATA_TYPE: non_uniform_batch
  OBJECTIVE:
    BLEAttackingObjective:
      UPDATE_STEP_SCALE: 0.1
    NAMES: ['BLEAttackingObjective', 'Distribution_Regularization']
    NHEAttackingObjective:
      UPDATE_STEP_SCALE: 0.5
  POISONING_RATIO: 0.5
  UPDATE_STEP_SCALE: 1.0
BN:
  ALPHA: 0.1
CKPT_DIR: ./ckpt
CONTRAST:
  MODE: all
  PROJECTION_DIM: 128
  TEMPERATURE: 0.1
CORRUPTION:
  DATASET: cifar10_c
  NUM_EX: -1
  SEVERITY: [5]
  TYPE: ['gaussian_noise', 'shot_noise', 'impulse_noise', 'defocus_blur', 'glass_blur', 'motion_blur', 'zoom_blur', 'snow', 'frost', 'fog', 'brightness', 'contrast', 'elastic_transform', 'pixelate', 'jpeg_compression']
COTTA:
  AP: 0.92
  RST: 0.01
Distribution_RegularizationCUDNN:
  BENCHMARK: True
DATA_DIR: ./data
DESC: 
DETERMINISM: False
EATA:
  D_MARGIN: 0.4
  FISHER_ALPHA: 1.0
GTTA:
  LAMBDA_MIXUP: 0.3333333333333333
  PRETRAIN_STEPS_ADAIN: 20000
  STEPS_ADAIN: 1
  USE_STYLE_TRANSFER: False
LAME:
  AFFINITY: rbf
  FORCE_SYMMETRY: False
  KNN: 5
  SIGMA: 1.0
LOG_DEST: eata_240922_173917.txt
LOG_TIME: 240922_173917
MODEL:
  ADAPTATION: eata
  ARCH: Standard
  CKPT_PATH: 
  EPISODIC: False
  RESET_AFTER_NUM_UPDATES: 0
  WEIGHTS: IMAGENET1K_V1
M_TEACHER:
  MOMENTUM: 0.999
OPTIM:
  BETA: 0.9
  DAMPENING: 0.0
  LR: 0.001
  METHOD: Adam
  MOMENTUM: 0.9
  NESTEROV: True
  STEPS: 1
  WD: 0.0
PRINT_EVERY: -1
RMT:
  LAMBDA_CE_SRC: 1.0
  LAMBDA_CE_TRG: 1.0
  LAMBDA_CONT: 1.0
  NUM_SAMPLES_WARM_UP: 50000
RNG_SEED: 1
ROID:
  MOMENTUM_PROBS: 0.9
  MOMENTUM_SRC: 0.99
  TEMPERATURE: 0.3333333333333333
  USE_CONSISTENCY: True
  USE_PRIOR_CORRECTION: True
  USE_WEIGHTING: True
ROTTA:
  ALPHA: 0.05
  LAMBDA_T: 1.0
  LAMBDA_U: 1.0
  MEMORY_SIZE: 64
  NU: 0.001
  UPDATE_FREQUENCY: 64
RPL:
  Q: 0.8
SANTA:
  LAMBDA_CE_TRG: 1.0
  LAMBDA_CONT: 1.0
SAR:
  RESET_CONSTANT_EM: 0.2
SAVE_DIR: ./output/eata_cifar10_c_240922_173917
SETTING: continual_poisoning_attack
SOURCE:
  NUM_SAMPLES: 2000
  NUM_WORKERS: 4
  PERCENTAGE: 1.0
TENT_D:
  BN_MOMENTUM: 0.2
  DATA_AUGMENTATION: False
  EMA_MODEL: False
  ENSEMBLE_MOMENTUM: 0.01
  ENSEMBLE_SOURCE_PARAM: False
  ENTROPY_THRESHOLD: False
  MEDIA_BN: False
  MODEL_MOMENTUM: 0.001
  M_DIA: False
  THRESHOLD_VALUE: 0.05
TEST:
  BATCH_SIZE: 200
  DELTA_DIRICHLET: 0.0
  NUM_WORKERS: 4
  N_AUGMENTATIONS: 32
  WINDOW_LENGTH: 1
TRIBE:
  ETA: 0.005
  GAMMA: 0.0
  H0: 0.05
  LAMBDA: 0.5
TTAC:
  CLASSIFIER: fc
Files already downloaded and verified
Successfully prepared test-time adaptation method: eata
Using the following domain sequence: ['gaussian_noise', 'shot_noise', 'impulse_noise', 'defocus_blur', 'glass_blur', 'motion_blur', 'zoom_blur', 'snow', 'frost', 'fog', 'brightness', 'contrast', 'elastic_transform', 'pixelate', 'jpeg_compression']
resetting model
199 159 159
200 198 198
200 194 194
198 194 194
200 194 194
200 199 199
199 198 198
200 200 200
200 200 200
200 200 200
200 199 199
200 200 200
200 200 200
200 198 198
200 200 200
200 200 200
200 199 199
200 200 200
200 200 200
200 200 200
200 200 200
199 199 199
200 200 200
199 198 198
172 149 149
184 161 161
180 148 148
169 150 150
179 157 157
171 143 143
184 170 170
168 149 149
176 154 154
180 155 155
179 163 163
174 158 158
173 140 140
173 154 154
177 152 152
183 166 166
186 152 152
179 150 150
179 148 148
187 163 163
182 165 165
182 169 169
183 152 152
178 155 155
179 166 166
cifar10_c error % [gaussian_noise5][#samples=5000]: 48.84%; 48.82%
197 191 191
196 188 188
200 196 196
200 194 194
198 190 190
195 193 193
199 193 193
198 197 197
200 195 195
200 195 195
198 192 192
200 199 199
200 198 198
200 196 196
200 195 195
200 198 198
200 198 198
200 197 197
200 194 194
200 198 198
200 197 197
199 196 196
200 199 199
200 197 197
199 195 195
176 150 150
183 163 163
179 160 160
183 154 154
188 157 157
181 153 153
183 159 159
182 152 152
175 154 154
186 157 157
181 165 165
187 162 162
180 149 149
186 163 163
179 156 156
183 155 155
185 167 167
191 167 167
183 160 160
187 169 169
185 158 158
186 164 164
180 148 148
190 165 165
184 160 160
cifar10_c error % [shot_noise5][#samples=5000]: 54.52%; 54.50%
198 190 190
195 188 188
200 193 193
198 192 192
196 191 191
199 194 194
199 195 195
199 195 195
199 195 195
199 197 197
199 196 196
197 195 195
198 195 195
200 199 199
200 194 194
199 194 194
199 198 198
200 193 193
198 197 197
200 199 199
199 198 198
200 198 198
200 197 197
200 197 197
198 198 198
183 149 149
182 162 162
182 152 152
184 162 162
183 163 163
189 157 157
177 154 154
175 147 147
179 164 164
188 162 162
182 159 159
186 165 165
186 169 169
184 155 155
179 153 153
185 153 153
185 163 163
189 169 169
193 168 168
182 158 158
190 163 163
190 165 165
186 165 165
182 166 166
185 159 159
cifar10_c error % [impulse_noise5][#samples=5000]: 64.88%; 64.85%
189 173 173
187 162 162
190 170 170
192 171 171
190 159 159
192 174 174
195 172 172
189 171 171
192 175 175
192 163 163
195 173 173
184 164 164
193 172 172
188 169 169
190 174 174
194 176 176
196 171 171
192 171 171
194 177 177
195 178 178
190 176 176
194 182 182
194 179 179
191 169 169
193 172 172
196 188 188
189 177 177
192 180 180
194 176 176
195 176 176
196 177 177
199 185 185
196 190 190
191 177 177
196 180 180
195 182 182
188 177 177
197 188 188
195 179 179
192 180 180
194 182 182
195 183 183
194 183 183
196 175 175
194 185 185
195 180 180
196 186 186
198 176 176
195 178 178
199 179 179
cifar10_c error % [defocus_blur5][#samples=5000]: 29.88%; 29.86%
196 187 187
199 187 187
199 184 184
195 180 180
197 183 183
199 187 187
193 184 184
195 183 183
197 186 186
198 183 183
199 186 186
199 189 189
198 186 186
196 187 187
195 181 181
197 193 193
193 182 182
199 189 189
199 190 190
194 187 187
197 187 187
199 187 187
198 187 187
195 183 183
198 191 191
191 177 177
190 158 158
190 172 172
196 174 174
194 171 171
192 173 173
191 165 165
191 173 173
189 169 169
191 168 168
186 161 161
188 164 164
194 167 167
188 158 158
195 173 173
190 161 161
189 165 165
189 158 158
192 170 170
188 165 165
193 178 178
192 168 168
189 168 168
195 174 174
192 171 171
cifar10_c error % [glass_blur5][#samples=5000]: 62.72%; 62.78%
193 179 179
193 180 180
193 175 175
188 161 161
192 175 175
196 176 176
192 181 181
191 175 175
192 173 173
197 182 182
197 178 178
193 181 181
192 170 170
196 182 182
194 173 173
197 182 182
197 177 177
196 181 181
196 186 186
195 178 178
196 178 178
192 179 179
192 178 178
199 184 184
195 174 174
195 181 181
191 177 177
190 173 173
193 185 185
193 175 175
196 186 186
191 179 179
195 181 181
193 176 176
196 179 179
194 183 183
193 181 181
194 179 179
195 187 187
197 186 186
192 185 185
196 184 184
198 181 181
196 184 184
193 184 184
196 181 181
194 183 183
194 182 182
197 184 184
197 185 185
cifar10_c error % [motion_blur5][#samples=5000]: 37.80%; 37.69%
196 183 183
194 177 177
195 176 176
195 180 180
196 181 181
195 176 176
194 178 178
193 173 173
197 183 183
196 182 182
195 182 182
192 183 183
197 186 186
196 181 181
198 186 186
198 184 184
196 183 183
196 184 184
198 187 187
196 185 185
198 182 182
194 179 179
195 178 178
194 181 181
198 183 183
198 182 182
196 184 184
199 179 179
195 177 177
198 181 181
193 174 174
193 181 181
195 178 178
195 179 179
196 179 179
196 179 179
197 178 178
196 180 180
198 179 179
195 176 176
196 178 178
196 173 173
196 186 186
197 180 180
197 184 184
198 184 184
197 180 180
194 177 177
197 178 178
199 181 181
cifar10_c error % [zoom_blur5][#samples=5000]: 42.70%; 42.60%
197 188 188
197 183 183
197 180 180
196 184 184
193 182 182
193 180 180
195 176 176
196 181 181
194 180 180
198 184 184
194 176 176
199 188 188
198 191 191
197 183 183
200 193 193
192 175 175
195 185 185
199 186 186
200 186 186
197 185 185
198 184 184
196 182 182
196 186 186
195 180 180
195 178 178
196 176 176
195 184 184
197 186 186
196 183 183
196 177 177
199 184 184
197 185 185
194 179 179
195 181 181
194 176 176
193 179 179
192 172 172
199 180 180
196 175 175
194 181 181
199 176 176
195 178 178
194 184 184
197 177 177
195 180 180
197 182 182
197 178 178
198 180 180
199 180 180
196 181 181
cifar10_c error % [snow5][#samples=5000]: 49.78%; 49.78%
198 188 188
196 189 189
200 186 186
198 193 193
199 190 190
197 186 186
199 185 185
199 181 181
198 193 193
199 191 191
198 191 191
198 186 186
197 185 185
200 190 190
199 189 189
198 188 188
197 186 186
200 190 190
198 192 192
198 189 189
200 191 191
198 191 191
198 194 194
199 185 185
199 190 190
194 180 180
193 178 178
197 179 179
195 189 189
200 179 179
197 182 182
196 178 178
198 181 181
196 178 178
196 178 178
194 169 169
198 182 182
193 175 175
195 179 179
198 180 180
196 177 177
196 179 179
195 180 180
196 183 183
192 178 178
188 177 177
198 187 187
197 184 184
196 173 173
193 180 180
cifar10_c error % [frost5][#samples=5000]: 56.06%; 55.99%
198 191 191
199 184 184
197 184 184
199 191 191
199 193 193
196 188 188
198 189 189
199 190 190
197 182 182
197 189 189
198 193 193
198 191 191
199 186 186
196 183 183
198 190 190
193 184 184
200 192 192
195 192 192
199 186 186
198 190 190
200 189 189
198 189 189
200 191 191
199 188 188
195 185 185
198 185 185
199 183 183
198 178 178
198 181 181
197 188 188
197 182 182
198 176 176
196 182 182
199 188 188
189 175 175
193 178 178
198 182 182
197 183 183
196 178 178
197 187 187
194 180 180
196 180 180
198 187 187
195 178 178
196 186 186
191 176 176
198 187 187
198 187 187
196 188 188
198 184 184
cifar10_c error % [fog5][#samples=5000]: 43.42%; 43.31%
200 194 194
197 191 191
199 186 186
197 189 189
197 184 184
198 188 188
198 196 196
193 180 180
198 190 190
198 187 187
199 187 187
200 189 189
198 194 194
200 190 190
196 186 186
197 187 187
198 191 191
198 181 181
197 185 185
199 189 189
199 189 189
199 190 190
200 188 188
197 187 187
195 186 186
198 190 190
197 193 193
198 188 188
196 186 186
198 185 185
199 189 189
198 182 182
197 190 190
198 188 188
197 185 185
193 185 185
197 184 184
199 189 189
194 178 178
199 187 187
197 182 182
198 188 188
196 190 190
200 184 184
198 189 189
200 191 191
199 188 188
197 186 186
198 187 187
197 189 189
cifar10_c error % [brightness5][#samples=5000]: 38.18%; 38.08%
193 176 176
196 180 180
195 174 174
197 185 185
198 186 186
197 185 185
195 184 184
193 180 180
194 177 177
196 183 183
192 178 178
195 177 177
194 186 186
196 189 189
193 182 182
198 179 179
193 183 183
194 179 179
198 179 179
190 177 177
198 180 180
197 183 183
191 177 177
193 175 175
195 181 181
199 189 189
198 178 178
198 190 190
198 184 184
198 183 183
200 186 186
199 184 184
197 184 184
197 190 190
194 183 183
199 187 187
197 185 185
197 186 186
198 187 187
199 195 195
197 188 188
199 183 183
197 186 186
199 188 188
199 191 191
199 183 183
200 188 188
195 180 180
197 182 182
199 184 184
cifar10_c error % [contrast5][#samples=5000]: 41.88%; 41.78%
199 186 186
199 191 191
192 180 180
197 183 183
197 190 190
198 182 182
198 193 193
198 189 189
197 188 188
195 179 179
199 189 189
197 186 186
195 189 189
200 191 191
196 186 186
197 189 189
198 187 187
197 195 195
199 191 191
199 185 185
198 188 188
197 188 188
200 189 189
198 185 185
199 197 197
198 186 186
197 178 178
195 185 185
196 182 182
191 176 176
197 176 176
194 173 173
195 183 183
196 177 177
197 182 182
193 172 172
198 182 182
196 181 181
197 182 182
192 181 181
197 181 181
198 175 175
197 181 181
199 183 183
200 186 186
197 186 186
199 181 181
195 179 179
200 194 194
199 177 177
cifar10_c error % [elastic_transform5][#samples=5000]: 61.48%; 61.52%
200 182 182
198 187 187
195 185 185
196 180 180
196 184 184
195 184 184
200 194 194
199 188 188
197 181 181
195 184 184
196 183 183
197 188 188
199 191 191
199 190 190
196 190 190
198 188 188
199 187 187
198 186 186
199 184 184
199 191 191
200 191 191
195 186 186
196 186 186
199 191 191
200 190 190
196 179 179
200 188 188
196 190 190
195 182 182
198 180 180
198 184 184
195 182 182
197 172 172
199 185 185
198 184 184
197 187 187
195 175 175
196 176 176
195 183 183
195 183 183
197 187 187
193 176 176
194 177 177
197 185 185
199 187 187
199 180 180
196 179 179
195 178 178
199 183 183
194 183 183
cifar10_c error % [pixelate5][#samples=5000]: 60.38%; 60.31%
199 191 191
199 187 187
199 183 183
198 190 190
196 183 183
198 188 188
196 184 184
197 184 184
198 184 184
199 188 188
200 196 196
198 187 187
198 187 187
198 193 193
199 189 189
200 195 195
198 191 191
196 191 191
199 187 187
200 186 186
199 192 192
199 194 194
198 186 186
197 187 187
198 188 188
197 177 177
196 186 186
195 179 179
195 179 179
197 182 182
197 176 176
198 181 181
197 180 180
198 180 180
194 178 178
199 173 173
195 182 182
198 185 185
197 178 178
197 175 175
195 182 182
197 182 182
197 185 185
196 182 182
197 179 179
196 182 182
196 180 180
195 178 178
198 182 182
198 184 184
cifar10_c error % [jpeg_compression5][#samples=5000]: 72.00%; 71.95%
mean error: 50.97%, mean error at 5: 50.97%, mean class error: 50.92%
