PyTorch Version: torch=2.3.0+cu121, cuda=12.1, cudnn=8902
ADACONTRAST:
  ALPHA: 1.0
  BETA: 1.0
  CE_SUP_TYPE: weak_strong
  CE_TYPE: standard
  CONTRAST_TYPE: class_aware
  DIST_TYPE: cosine
  ETA: 1.0
  NUM_NEIGHBORS: 10
  QUEUE_SIZE: 16384
  REFINE_METHOD: nearest_neighbors
ATTACK:
  ALGO: SurrogateModelEstimateAttack
  DATA_TYPE: batch
  OBJECTIVE:
    BLEAttackingObjective:
      UPDATE_STEP_SCALE: 0.1
    NAMES: ['BLEAttackingObjective', 'Distribution_Regularization']
    NHEAttackingObjective:
      UPDATE_STEP_SCALE: 0.5
  POISONING_RATIO: 0.5
  UPDATE_STEP_SCALE: 1.0
BN:
  ALPHA: 0.1
CKPT_DIR: ./ckpt
CONTRAST:
  MODE: all
  PROJECTION_DIM: 128
  TEMPERATURE: 0.1
CORRUPTION:
  DATASET: cifar10_c
  NUM_EX: -1
  SEVERITY: [5]
  TYPE: ['gaussian_noise', 'shot_noise', 'impulse_noise', 'defocus_blur', 'glass_blur', 'motion_blur', 'zoom_blur', 'snow', 'frost', 'fog', 'brightness', 'contrast', 'elastic_transform', 'pixelate', 'jpeg_compression']
COTTA:
  AP: 0.92
  RST: 0.01
Distribution_RegularizationCUDNN:
  BENCHMARK: True
DATA_DIR: ./data
DESC: 
DETERMINISM: False
EATA:
  D_MARGIN: 0.4
  FISHER_ALPHA: 1.0
GTTA:
  LAMBDA_MIXUP: 0.3333333333333333
  PRETRAIN_STEPS_ADAIN: 20000
  STEPS_ADAIN: 1
  USE_STYLE_TRANSFER: False
LAME:
  AFFINITY: rbf
  FORCE_SYMMETRY: False
  KNN: 5
  SIGMA: 1.0
LOG_DEST: eata_240922_173816.txt
LOG_TIME: 240922_173816
MODEL:
  ADAPTATION: eata
  ARCH: Standard
  CKPT_PATH: 
  EPISODIC: False
  RESET_AFTER_NUM_UPDATES: 0
  WEIGHTS: IMAGENET1K_V1
M_TEACHER:
  MOMENTUM: 0.999
OPTIM:
  BETA: 0.9
  DAMPENING: 0.0
  LR: 0.001
  METHOD: Adam
  MOMENTUM: 0.9
  NESTEROV: True
  STEPS: 1
  WD: 0.0
PRINT_EVERY: -1
RMT:
  LAMBDA_CE_SRC: 1.0
  LAMBDA_CE_TRG: 1.0
  LAMBDA_CONT: 1.0
  NUM_SAMPLES_WARM_UP: 50000
RNG_SEED: 1
ROID:
  MOMENTUM_PROBS: 0.9
  MOMENTUM_SRC: 0.99
  TEMPERATURE: 0.3333333333333333
  USE_CONSISTENCY: True
  USE_PRIOR_CORRECTION: True
  USE_WEIGHTING: True
ROTTA:
  ALPHA: 0.05
  LAMBDA_T: 1.0
  LAMBDA_U: 1.0
  MEMORY_SIZE: 64
  NU: 0.001
  UPDATE_FREQUENCY: 64
RPL:
  Q: 0.8
SANTA:
  LAMBDA_CE_TRG: 1.0
  LAMBDA_CONT: 1.0
SAR:
  RESET_CONSTANT_EM: 0.2
SAVE_DIR: ./output/eata_cifar10_c_240922_173816
SETTING: continual_poisoning_attack
SOURCE:
  NUM_SAMPLES: 2000
  NUM_WORKERS: 4
  PERCENTAGE: 1.0
TENT_D:
  BN_MOMENTUM: 0.2
  DATA_AUGMENTATION: False
  EMA_MODEL: False
  ENSEMBLE_MOMENTUM: 0.01
  ENSEMBLE_SOURCE_PARAM: False
  ENTROPY_THRESHOLD: False
  MEDIA_BN: False
  MODEL_MOMENTUM: 0.001
  M_DIA: False
  THRESHOLD_VALUE: 0.05
TEST:
  BATCH_SIZE: 200
  DELTA_DIRICHLET: 0.0
  NUM_WORKERS: 4
  N_AUGMENTATIONS: 32
  WINDOW_LENGTH: 1
TRIBE:
  ETA: 0.005
  GAMMA: 0.0
  H0: 0.05
  LAMBDA: 0.5
TTAC:
  CLASSIFIER: fc
Files already downloaded and verified
Successfully prepared test-time adaptation method: eata
Using the following domain sequence: ['gaussian_noise', 'shot_noise', 'impulse_noise', 'defocus_blur', 'glass_blur', 'motion_blur', 'zoom_blur', 'snow', 'frost', 'fog', 'brightness', 'contrast', 'elastic_transform', 'pixelate', 'jpeg_compression']
resetting model
183 136 136
200 193 193
190 172 172
199 195 195
184 166 166
200 198 198
185 172 172
200 200 200
188 171 171
200 200 200
174 160 160
200 200 200
189 174 174
200 200 200
186 169 169
200 200 200
188 168 168
200 200 200
181 156 156
200 198 198
184 165 165
200 199 199
190 168 168
200 200 200
186 163 163
200 198 198
186 172 172
200 200 200
186 164 164
200 197 197
184 162 162
199 198 198
183 164 164
198 196 196
187 165 165
200 199 199
181 155 155
199 196 196
183 164 164
200 197 197
189 168 168
200 200 200
182 154 154
199 198 198
187 162 162
199 198 198
183 158 158
199 198 198
181 163 163
cifar10_c error % [gaussian_noise5][#samples=5000]: 35.04%; 35.16%
200 197 197
186 167 167
200 198 198
191 174 174
200 194 194
185 174 174
200 194 194
181 164 164
200 198 198
179 163 163
200 198 198
182 163 163
199 196 196
186 161 161
200 194 194
184 163 163
200 199 199
189 167 167
200 197 197
175 162 162
200 198 198
182 168 168
200 198 198
184 162 162
200 199 199
183 166 166
200 198 198
188 166 166
199 198 198
181 170 170
200 199 199
180 159 159
200 199 199
183 162 162
199 198 198
180 155 155
199 193 193
194 172 172
200 197 197
185 159 159
200 197 197
192 177 177
199 197 197
189 159 159
199 192 192
184 164 164
200 197 197
176 148 148
200 200 200
184 161 161
cifar10_c error % [shot_noise5][#samples=5000]: 45.14%; 45.23%
199 198 198
178 151 151
200 197 197
179 157 157
199 194 194
180 158 158
197 194 194
187 161 161
200 198 198
188 165 165
199 196 196
188 164 164
200 199 199
189 163 163
200 194 194
180 161 161
198 193 193
183 158 158
199 195 195
183 164 164
199 196 196
183 162 162
199 195 195
182 162 162
198 193 193
183 154 154
199 196 196
181 161 161
200 196 196
182 158 158
200 193 193
186 167 167
200 195 195
190 162 162
198 191 191
188 165 165
200 199 199
189 168 168
199 197 197
191 161 161
199 197 197
189 161 161
199 189 189
184 161 161
198 196 196
189 167 167
200 194 194
193 162 162
200 197 197
189 169 169
cifar10_c error % [impulse_noise5][#samples=5000]: 60.74%; 60.84%
186 169 169
193 181 181
193 171 171
199 184 184
193 164 164
194 177 177
194 170 170
194 185 185
189 168 168
198 185 185
188 174 174
196 179 179
196 180 180
197 186 186
190 169 169
192 175 175
194 175 175
197 182 182
195 175 175
191 181 181
193 170 170
196 188 188
188 168 168
195 186 186
198 175 175
196 188 188
195 170 170
194 179 179
193 172 172
198 187 187
192 171 171
196 185 185
191 166 166
196 189 189
195 177 177
199 181 181
190 180 180
194 182 182
191 166 166
195 178 178
190 174 174
196 186 186
191 177 177
197 189 189
195 168 168
194 181 181
189 174 174
195 181 181
195 181 181
197 186 186
cifar10_c error % [defocus_blur5][#samples=5000]: 24.04%; 24.11%
198 182 182
194 172 172
199 185 185
188 165 165
196 178 178
193 177 177
196 179 179
192 168 168
194 181 181
188 170 170
193 179 179
190 169 169
199 188 188
191 177 177
196 182 182
185 165 165
197 184 184
188 163 163
197 192 192
193 166 166
199 184 184
191 170 170
195 182 182
191 171 171
197 188 188
187 171 171
196 177 177
195 172 172
199 186 186
192 173 173
199 188 188
187 168 168
195 182 182
190 169 169
197 187 187
195 161 161
194 191 191
189 176 176
196 180 180
195 173 173
195 187 187
191 176 176
198 186 186
190 165 165
198 188 188
191 166 166
194 184 184
197 172 172
195 186 186
191 172 172
cifar10_c error % [glass_blur5][#samples=5000]: 59.74%; 59.92%
195 183 183
194 179 179
193 175 175
198 180 180
194 170 170
195 187 187
195 176 176
197 179 179
198 182 182
194 181 181
198 178 178
197 181 181
192 175 175
197 184 184
195 172 172
197 180 180
191 180 180
196 187 187
194 177 177
194 183 183
195 179 179
196 173 173
186 163 163
196 186 186
196 178 178
195 183 183
193 174 174
194 175 175
193 178 178
194 178 178
192 174 174
194 178 178
197 179 179
196 180 180
195 172 172
195 173 173
196 181 181
196 181 181
188 173 173
196 179 179
197 181 181
195 179 179
189 172 172
195 175 175
195 184 184
192 177 177
194 177 177
195 184 184
197 178 178
197 187 187
cifar10_c error % [motion_blur5][#samples=5000]: 35.48%; 35.51%
194 177 177
193 175 175
196 184 184
193 187 187
196 180 180
196 185 185
197 178 178
195 181 181
191 178 178
195 180 180
196 179 179
192 178 178
196 180 180
194 179 179
193 181 181
194 176 176
196 186 186
194 177 177
198 183 183
196 188 188
196 182 182
198 189 189
195 178 178
197 178 178
195 183 183
192 183 183
196 183 183
198 179 179
193 179 179
194 178 178
195 183 183
197 181 181
197 179 179
197 181 181
194 177 177
197 180 180
196 183 183
196 176 176
196 182 182
190 173 173
197 185 185
193 182 182
197 177 177
196 174 174
196 183 183
191 177 177
195 177 177
198 181 181
196 187 187
199 182 182
cifar10_c error % [zoom_blur5][#samples=5000]: 39.74%; 39.72%
194 174 174
193 175 175
197 189 189
194 183 183
200 186 186
196 187 187
195 184 184
195 184 184
198 183 183
197 178 178
200 185 185
192 172 172
197 180 180
195 186 186
198 183 183
197 184 184
195 185 185
193 177 177
196 177 177
194 188 188
196 186 186
196 179 179
195 178 178
194 182 182
197 185 185
196 176 176
196 178 178
199 187 187
198 192 192
200 184 184
196 185 185
193 179 179
198 188 188
195 181 181
197 182 182
196 182 182
197 179 179
194 178 178
198 187 187
198 178 178
198 188 188
197 185 185
197 186 186
197 185 185
198 191 191
195 185 185
196 182 182
194 181 181
196 186 186
193 180 180
cifar10_c error % [snow5][#samples=5000]: 46.06%; 46.05%
199 190 190
197 173 173
199 186 186
195 179 179
198 196 196
193 174 174
200 194 194
193 175 175
197 187 187
194 175 175
199 195 195
195 175 175
199 187 187
195 177 177
198 188 188
196 177 177
199 193 193
196 178 178
198 187 187
198 182 182
200 191 191
194 183 183
199 189 189
196 187 187
198 188 188
198 187 187
196 189 189
195 177 177
198 188 188
194 181 181
199 195 195
196 177 177
199 191 191
190 169 169
199 196 196
193 176 176
200 184 184
193 174 174
200 195 195
194 177 177
198 187 187
199 180 180
199 189 189
194 185 185
198 191 191
192 178 178
199 192 192
196 176 176
199 196 196
197 184 184
cifar10_c error % [frost5][#samples=5000]: 52.48%; 52.46%
199 191 191
197 182 182
196 190 190
196 186 186
198 190 190
196 187 187
198 188 188
194 174 174
198 189 189
197 182 182
199 181 181
191 176 176
198 190 190
197 185 185
197 186 186
197 186 186
198 191 191
197 187 187
200 189 189
195 184 184
200 191 191
196 184 184
196 181 181
198 186 186
199 186 186
197 184 184
196 185 185
198 188 188
196 187 187
198 178 178
197 184 184
196 180 180
200 191 191
195 183 183
200 192 192
198 185 185
199 189 189
196 182 182
199 191 191
198 187 187
198 190 190
196 187 187
200 190 190
197 185 185
199 191 191
198 184 184
198 184 184
197 187 187
199 191 191
195 179 179
cifar10_c error % [fog5][#samples=5000]: 38.38%; 38.36%
200 182 182
200 189 189
198 182 182
196 187 187
196 185 185
199 192 192
196 186 186
198 188 188
200 186 186
199 189 189
197 183 183
199 190 190
198 185 185
197 186 186
199 194 194
196 188 188
199 188 188
199 186 186
199 190 190
199 191 191
199 190 190
200 191 191
198 190 190
197 189 189
197 187 187
199 191 191
199 189 189
196 183 183
196 186 186
198 187 187
197 183 183
199 187 187
196 189 189
200 186 186
200 186 186
192 186 186
198 187 187
198 192 192
197 186 186
198 189 189
197 187 187
200 191 191
199 188 188
196 184 184
198 186 186
196 183 183
197 184 184
200 195 195
198 187 187
198 188 188
cifar10_c error % [brightness5][#samples=5000]: 29.10%; 29.07%
198 183 183
196 186 186
197 178 178
197 186 186
192 177 177
198 189 189
197 183 183
198 182 182
196 185 185
199 177 177
192 178 178
198 188 188
199 180 180
199 189 189
197 182 182
200 189 189
192 181 181
197 189 189
197 180 180
196 192 192
196 182 182
199 194 194
192 180 180
198 190 190
197 185 185
199 189 189
195 184 184
199 189 189
192 173 173
199 189 189
196 178 178
199 187 187
197 187 187
198 189 189
196 180 180
196 187 187
197 184 184
197 185 185
196 173 173
198 185 185
197 186 186
197 189 189
196 174 174
199 185 185
198 184 184
200 193 193
198 183 183
200 191 191
198 181 181
195 184 184
cifar10_c error % [contrast5][#samples=5000]: 35.78%; 35.81%
199 187 187
196 179 179
199 186 186
199 179 179
196 194 194
197 179 179
199 189 189
197 176 176
198 186 186
194 182 182
198 187 187
199 182 182
193 187 187
194 177 177
200 185 185
195 181 181
197 184 184
197 179 179
198 189 189
196 185 185
197 183 183
194 173 173
197 190 190
197 176 176
195 186 186
196 189 189
197 185 185
196 177 177
198 192 192
197 191 191
198 186 186
196 175 175
196 180 180
191 175 175
198 183 183
192 179 179
193 188 188
194 181 181
195 190 190
195 178 178
199 186 186
197 178 178
194 181 181
197 186 186
200 190 190
195 179 179
198 184 184
193 182 182
197 190 190
195 188 188
cifar10_c error % [elastic_transform5][#samples=5000]: 56.80%; 56.94%
197 181 181
199 173 173
198 191 191
199 183 183
196 187 187
199 178 178
197 186 186
194 186 186
199 187 187
195 186 186
199 183 183
198 185 185
198 181 181
197 188 188
198 189 189
193 174 174
197 184 184
196 185 185
197 184 184
195 184 184
195 183 183
197 181 181
196 186 186
195 179 179
197 184 184
198 189 189
198 188 188
197 181 181
194 184 184
194 182 182
199 189 189
197 187 187
199 192 192
197 183 183
197 187 187
193 180 180
199 190 190
199 187 187
199 190 190
199 187 187
197 189 189
195 178 178
197 178 178
200 184 184
199 188 188
197 188 188
197 186 186
197 181 181
197 188 188
197 180 180
cifar10_c error % [pixelate5][#samples=5000]: 52.48%; 52.61%
196 185 185
199 173 173
198 194 194
197 183 183
199 185 185
196 181 181
199 185 185
196 182 182
198 182 182
197 181 181
196 184 184
197 184 184
198 186 186
193 176 176
198 183 183
198 181 181
200 184 184
197 175 175
199 180 180
198 179 179
198 192 192
198 184 184
198 192 192
192 177 177
198 190 190
196 182 182
199 187 187
195 178 178
200 191 191
196 185 185
199 194 194
195 173 173
198 184 184
196 176 176
199 193 193
198 185 185
200 192 192
195 178 178
199 191 191
196 177 177
200 192 192
196 183 183
198 188 188
196 178 178
198 189 189
196 178 178
197 183 183
197 179 179
195 182 182
200 186 186
cifar10_c error % [jpeg_compression5][#samples=5000]: 67.02%; 67.03%
mean error: 45.20%, mean error at 5: 45.20%, mean class error: 45.25%
