PyTorch Version: torch=2.3.0+cu121, cuda=12.1, cudnn=8902
ADACONTRAST:
  ALPHA: 1.0
  BETA: 1.0
  CE_SUP_TYPE: weak_strong
  CE_TYPE: standard
  CONTRAST_TYPE: class_aware
  DIST_TYPE: cosine
  ETA: 1.0
  NUM_NEIGHBORS: 10
  QUEUE_SIZE: 16384
  REFINE_METHOD: nearest_neighbors
ATTACK:
  ALGO: SurrogateModelEstimateAttack
  DATA_TYPE: batch
  OBJECTIVE:
    BLEAttackingObjective:
      UPDATE_STEP_SCALE: 0.1
    NAMES: ['BLEAttackingObjective', 'Distribution_Regularization']
    NHEAttackingObjective:
      UPDATE_STEP_SCALE: 0.1
  POISONING_RATIO: 0.5
  UPDATE_STEP_SCALE: 1.0
BN:
  ALPHA: 0.1
CKPT_DIR: ./ckpt
CONTRAST:
  MODE: all
  PROJECTION_DIM: 128
  TEMPERATURE: 0.1
CORRUPTION:
  DATASET: cifar10_c
  NUM_EX: -1
  SEVERITY: [5]
  TYPE: ['gaussian_noise', 'shot_noise', 'impulse_noise', 'defocus_blur', 'glass_blur', 'motion_blur', 'zoom_blur', 'snow', 'frost', 'fog', 'brightness', 'contrast', 'elastic_transform', 'pixelate', 'jpeg_compression']
COTTA:
  AP: 0.92
  RST: 0.01
Distribution_RegularizationCUDNN:
  BENCHMARK: True
DATA_DIR: ./data
DESC: 
DETERMINISM: False
EATA:
  D_MARGIN: 0.05
  FISHER_ALPHA: 2000.0
GTTA:
  LAMBDA_MIXUP: 0.3333333333333333
  PRETRAIN_STEPS_ADAIN: 20000
  STEPS_ADAIN: 1
  USE_STYLE_TRANSFER: False
LAME:
  AFFINITY: rbf
  FORCE_SYMMETRY: False
  KNN: 5
  SIGMA: 1.0
LOG_DEST: sar_240922_190927.txt
LOG_TIME: 240922_190927
MODEL:
  ADAPTATION: sar
  ARCH: Standard
  CKPT_PATH: 
  EPISODIC: False
  RESET_AFTER_NUM_UPDATES: 0
  WEIGHTS: IMAGENET1K_V1
M_TEACHER:
  MOMENTUM: 0.999
OPTIM:
  BETA: 0.9
  DAMPENING: 0.0
  LR: 0.001
  METHOD: Adam
  MOMENTUM: 0.9
  NESTEROV: True
  STEPS: 1
  WD: 0.0
PRINT_EVERY: -1
RMT:
  LAMBDA_CE_SRC: 1.0
  LAMBDA_CE_TRG: 1.0
  LAMBDA_CONT: 1.0
  NUM_SAMPLES_WARM_UP: 50000
RNG_SEED: 1
ROID:
  MOMENTUM_PROBS: 0.9
  MOMENTUM_SRC: 0.99
  TEMPERATURE: 0.3333333333333333
  USE_CONSISTENCY: True
  USE_PRIOR_CORRECTION: True
  USE_WEIGHTING: True
ROTTA:
  ALPHA: 0.05
  LAMBDA_T: 1.0
  LAMBDA_U: 1.0
  MEMORY_SIZE: 64
  NU: 0.001
  UPDATE_FREQUENCY: 64
RPL:
  Q: 0.8
SANTA:
  LAMBDA_CE_TRG: 1.0
  LAMBDA_CONT: 1.0
SAR:
  RESET_CONSTANT_EM: 0.2
SAVE_DIR: ./output/sar_cifar10_c_240922_190927
SETTING: continual_poisoning_attack
SOURCE:
  NUM_SAMPLES: -1
  NUM_WORKERS: 4
  PERCENTAGE: 1.0
TENT_D:
  BN_MOMENTUM: 0.2
  DATA_AUGMENTATION: False
  EMA_MODEL: False
  ENSEMBLE_MOMENTUM: 0.01
  ENSEMBLE_SOURCE_PARAM: False
  ENTROPY_THRESHOLD: False
  MEDIA_BN: False
  MODEL_MOMENTUM: 0.001
  M_DIA: False
  THRESHOLD_VALUE: 0.05
TEST:
  BATCH_SIZE: 200
  DELTA_DIRICHLET: 0.0
  NUM_WORKERS: 4
  N_AUGMENTATIONS: 32
  WINDOW_LENGTH: 1
TRIBE:
  ETA: 0.005
  GAMMA: 0.0
  H0: 0.05
  LAMBDA: 0.5
TTAC:
  CLASSIFIER: fc
Successfully prepared test-time adaptation method: sar
Using the following domain sequence: ['gaussian_noise', 'shot_noise', 'impulse_noise', 'defocus_blur', 'glass_blur', 'motion_blur', 'zoom_blur', 'snow', 'frost', 'fog', 'brightness', 'contrast', 'elastic_transform', 'pixelate', 'jpeg_compression']
resetting model
200 194
184 173
199 197
186 176
198 195
186 181
198 198
186 180
199 193
187 182
200 199
175 168
200 199
188 178
200 196
187 178
200 199
185 182
200 198
188 178
200 200
182 179
199 195
186 178
198 196
189 182
200 197
188 183
199 196
182 173
199 197
182 176
199 197
181 176
200 200
191 185
200 198
179 172
199 198
186 179
200 197
188 184
200 197
193 184
200 198
181 176
200 197
182 177
200 198
187 178
cifar10_c error % [gaussian_noise5][#samples=5000]: 28.58%; 28.72%
198 194
185 177
200 194
190 182
198 194
184 177
200 197
189 179
200 197
183 175
197 195
185 176
200 198
187 178
199 197
179 166
200 198
183 171
200 196
186 179
199 198
187 178
200 198
185 179
200 196
187 175
200 197
182 174
199 198
188 180
199 196
181 176
198 198
187 180
199 198
184 174
197 192
183 175
199 197
172 168
199 198
184 175
200 198
182 176
199 197
189 178
200 198
175 169
200 200
189 181
cifar10_c error % [shot_noise5][#samples=5000]: 29.24%; 29.33%
200 199
172 165
199 196
165 157
199 198
179 169
199 194
180 174
199 197
181 168
199 195
169 159
199 195
178 170
200 198
177 168
200 199
177 173
199 196
176 165
200 197
170 161
200 192
178 169
199 197
181 175
199 197
179 164
200 198
181 175
200 197
177 167
200 197
183 174
200 198
173 164
200 197
168 162
199 195
172 161
198 195
181 172
199 196
170 160
199 196
178 167
198 197
175 163
200 199
182 169
cifar10_c error % [impulse_noise5][#samples=5000]: 44.76%; 44.90%
170 158
190 185
168 155
195 192
181 174
193 188
173 165
192 189
176 168
196 191
167 157
196 192
179 165
194 192
168 161
195 189
169 160
196 188
170 160
193 190
172 155
192 189
171 157
197 191
171 158
196 193
167 157
192 191
167 162
192 187
169 158
193 190
165 155
192 189
169 156
191 186
181 173
193 190
178 164
196 195
166 158
198 195
168 157
194 189
170 155
196 193
165 151
195 190
166 158
196 191
cifar10_c error % [defocus_blur5][#samples=5000]: 13.68%; 13.75%
187 176
175 167
188 176
175 166
186 178
180 174
185 179
179 169
185 169
174 166
183 172
173 164
180 169
178 172
190 181
180 172
190 182
179 172
189 184
176 168
190 181
176 169
182 170
183 174
190 178
176 172
185 176
175 169
187 171
188 181
180 167
180 174
188 178
181 175
188 181
176 166
190 182
176 166
186 176
178 172
190 181
178 173
194 180
179 164
188 179
181 171
187 176
174 165
189 183
183 170
cifar10_c error % [glass_blur5][#samples=5000]: 41.60%; 41.82%
175 163
188 181
165 155
189 187
164 154
188 184
174 160
196 190
185 174
195 192
173 154
194 187
172 163
194 193
176 158
192 189
172 158
197 193
175 164
193 184
165 156
194 187
172 161
192 189
172 154
190 189
176 162
193 189
172 159
190 183
174 169
195 189
181 167
193 187
168 155
195 189
182 170
195 191
168 160
191 186
178 166
193 190
171 158
188 183
178 171
195 186
168 155
192 190
181 172
195 190
cifar10_c error % [motion_blur5][#samples=5000]: 17.48%; 17.55%
172 161
191 188
174 169
193 183
177 166
192 188
177 165
196 192
177 172
194 189
178 169
191 185
177 169
194 189
171 159
197 193
170 162
197 193
173 162
194 189
176 164
195 191
185 176
193 188
168 164
189 188
173 163
197 192
170 159
193 191
169 159
192 184
176 168
189 186
179 168
194 192
177 169
196 190
184 175
192 188
171 158
193 189
174 166
190 187
174 165
192 190
166 155
193 191
180 170
191 187
cifar10_c error % [zoom_blur5][#samples=5000]: 16.04%; 16.06%
186 179
185 180
186 172
192 189
188 177
191 186
187 173
189 185
186 183
192 184
175 163
190 186
181 174
188 183
181 169
191 189
183 177
194 189
183 174
194 189
186 180
194 189
179 174
186 178
179 170
187 184
182 177
193 189
176 168
191 187
185 179
193 188
184 172
182 175
182 167
187 180
191 184
190 185
190 180
187 182
182 173
189 188
185 180
186 178
182 172
190 184
188 178
188 182
179 175
188 184
cifar10_c error % [snow5][#samples=5000]: 22.22%; 22.27%
188 177
186 177
184 173
184 176
190 177
190 181
194 187
195 186
192 184
191 187
190 187
184 179
188 180
184 176
191 180
187 181
192 183
189 181
190 179
187 183
196 185
183 175
195 186
189 181
190 179
189 186
194 185
188 180
189 182
182 177
190 180
188 179
195 185
179 170
195 182
179 171
193 188
187 178
193 186
192 180
192 183
188 183
191 184
188 182
187 177
181 174
194 190
192 182
194 183
190 186
cifar10_c error % [frost5][#samples=5000]: 25.72%; 25.79%
182 171
194 187
188 178
193 189
187 178
192 187
187 181
190 188
186 180
187 184
186 179
191 190
185 176
198 189
191 184
187 185
189 178
193 187
182 177
194 190
185 175
194 191
190 180
190 184
186 181
196 189
184 173
194 188
177 167
190 182
178 166
194 186
186 179
190 184
190 181
189 189
192 183
195 192
193 185
191 187
185 175
193 188
188 179
192 184
190 181
193 188
187 179
193 185
187 181
192 187
cifar10_c error % [fog5][#samples=5000]: 17.36%; 17.43%
178 172
193 191
180 171
195 191
176 168
197 195
184 173
198 194
188 181
195 193
184 174
196 193
185 180
197 192
183 167
193 190
185 180
195 190
181 179
195 193
188 185
194 191
190 179
193 191
178 167
192 189
184 173
196 193
175 165
193 189
184 173
199 197
178 169
194 190
186 179
196 194
186 176
198 192
182 175
197 194
176 165
194 190
185 179
196 194
182 171
198 190
183 172
195 192
185 181
196 192
cifar10_c error % [brightness5][#samples=5000]: 11.48%; 11.52%
165 155
193 192
164 148
186 185
168 157
191 185
161 148
192 182
165 155
194 190
168 164
191 189
168 153
191 188
162 158
193 187
167 150
195 190
170 160
189 185
171 157
192 188
155 140
199 195
175 158
194 193
168 152
191 188
171 156
192 187
158 150
191 189
167 152
190 183
166 153
193 185
152 136
189 183
165 154
191 182
169 153
198 193
165 156
191 186
164 150
193 190
163 150
194 192
170 158
190 187
cifar10_c error % [contrast5][#samples=5000]: 14.88%; 14.98%
180 170
190 178
192 181
184 173
189 178
178 172
190 186
189 185
188 180
186 180
187 181
178 170
187 176
188 180
188 177
183 171
185 169
181 175
183 175
185 174
188 183
187 180
188 182
184 173
189 181
188 182
185 179
185 174
190 183
183 175
185 180
174 164
194 188
179 168
189 180
181 169
191 186
179 166
184 178
178 169
189 178
179 171
190 182
187 178
187 178
178 168
187 179
172 161
188 182
186 179
cifar10_c error % [elastic_transform5][#samples=5000]: 37.00%; 37.18%
184 176
178 173
186 176
187 178
182 171
182 177
181 172
180 177
183 168
181 174
183 173
182 177
185 171
183 174
184 170
188 179
184 176
186 181
182 174
183 175
184 171
191 183
186 171
183 176
177 165
188 180
183 176
190 180
180 168
186 179
181 170
181 169
187 171
184 174
185 178
179 172
189 178
183 177
191 180
186 174
186 173
180 175
184 173
185 177
188 174
186 177
183 172
186 177
186 176
188 177
cifar10_c error % [pixelate5][#samples=5000]: 32.82%; 33.02%
192 182
174 162
187 179
179 166
187 176
177 171
185 173
180 170
182 173
179 170
192 184
173 161
185 176
175 168
184 173
169 163
193 184
181 170
185 174
183 171
189 183
176 170
186 175
182 173
186 174
179 165
183 173
180 168
188 181
182 169
186 176
172 165
186 180
171 167
191 181
173 166
189 178
178 165
185 175
185 175
186 177
179 172
185 173
176 165
189 183
179 163
187 176
172 162
184 172
179 170
cifar10_c error % [jpeg_compression5][#samples=5000]: 49.16%; 49.35%
mean error: 26.80%, mean error at 5: 26.80%, mean class error: 26.91%
