PyTorch Version: torch=2.3.0+cu121, cuda=12.1, cudnn=8902
ADACONTRAST:
  ALPHA: 1.0
  BETA: 1.0
  CE_SUP_TYPE: weak_strong
  CE_TYPE: standard
  CONTRAST_TYPE: class_aware
  DIST_TYPE: cosine
  ETA: 1.0
  NUM_NEIGHBORS: 10
  QUEUE_SIZE: 16384
  REFINE_METHOD: nearest_neighbors
ATTACK:
  ALGO: SurrogateModelEstimateAttack
  DATA_TYPE: non_uniform_batch
  OBJECTIVE:
    BLEAttackingObjective:
      UPDATE_STEP_SCALE: 0.1
    NAMES: ['BLEAttackingObjective', 'Distribution_Regularization']
    NHEAttackingObjective:
      UPDATE_STEP_SCALE: 0.1
  POISONING_RATIO: 0.5
  UPDATE_STEP_SCALE: 1.0
BN:
  ALPHA: 0.1
CKPT_DIR: ./ckpt
CONTRAST:
  MODE: all
  PROJECTION_DIM: 128
  TEMPERATURE: 0.1
CORRUPTION:
  DATASET: cifar10_c
  NUM_EX: -1
  SEVERITY: [5]
  TYPE: ['gaussian_noise', 'shot_noise', 'impulse_noise', 'defocus_blur', 'glass_blur', 'motion_blur', 'zoom_blur', 'snow', 'frost', 'fog', 'brightness', 'contrast', 'elastic_transform', 'pixelate', 'jpeg_compression']
COTTA:
  AP: 0.92
  RST: 0.01
Distribution_RegularizationCUDNN:
  BENCHMARK: True
DATA_DIR: ./data
DESC: 
DETERMINISM: False
EATA:
  D_MARGIN: 0.05
  FISHER_ALPHA: 2000.0
GTTA:
  LAMBDA_MIXUP: 0.3333333333333333
  PRETRAIN_STEPS_ADAIN: 20000
  STEPS_ADAIN: 1
  USE_STYLE_TRANSFER: False
LAME:
  AFFINITY: rbf
  FORCE_SYMMETRY: False
  KNN: 5
  SIGMA: 1.0
LOG_DEST: roid_240922_204303.txt
LOG_TIME: 240922_204303
MODEL:
  ADAPTATION: roid
  ARCH: Standard
  CKPT_PATH: 
  EPISODIC: False
  RESET_AFTER_NUM_UPDATES: 0
  WEIGHTS: IMAGENET1K_V1
M_TEACHER:
  MOMENTUM: 0.999
OPTIM:
  BETA: 0.9
  DAMPENING: 0.0
  LR: 0.001
  METHOD: Adam
  MOMENTUM: 0.9
  NESTEROV: True
  STEPS: 1
  WD: 0.0
PRINT_EVERY: -1
RMT:
  LAMBDA_CE_SRC: 1.0
  LAMBDA_CE_TRG: 1.0
  LAMBDA_CONT: 1.0
  NUM_SAMPLES_WARM_UP: 50000
RNG_SEED: 1
ROID:
  MOMENTUM_PROBS: 0.9
  MOMENTUM_SRC: 0.99
  TEMPERATURE: 0.3333333333333333
  USE_CONSISTENCY: True
  USE_PRIOR_CORRECTION: True
  USE_WEIGHTING: True
ROTTA:
  ALPHA: 0.05
  LAMBDA_T: 1.0
  LAMBDA_U: 1.0
  MEMORY_SIZE: 64
  NU: 0.001
  UPDATE_FREQUENCY: 64
RPL:
  Q: 0.8
SANTA:
  LAMBDA_CE_TRG: 1.0
  LAMBDA_CONT: 1.0
SAR:
  RESET_CONSTANT_EM: 0.2
SAVE_DIR: ./output/roid_cifar10_c_240922_204303
SETTING: continual_poisoning_attack
SOURCE:
  NUM_SAMPLES: -1
  NUM_WORKERS: 4
  PERCENTAGE: 1.0
TENT_D:
  BN_MOMENTUM: 0.2
  DATA_AUGMENTATION: False
  EMA_MODEL: False
  ENSEMBLE_MOMENTUM: 0.01
  ENSEMBLE_SOURCE_PARAM: False
  ENTROPY_THRESHOLD: False
  MEDIA_BN: False
  MODEL_MOMENTUM: 0.001
  M_DIA: False
  THRESHOLD_VALUE: 0.05
TEST:
  BATCH_SIZE: 200
  DELTA_DIRICHLET: 0.0
  NUM_WORKERS: 4
  N_AUGMENTATIONS: 32
  WINDOW_LENGTH: 1
TRIBE:
  ETA: 0.005
  GAMMA: 0.0
  H0: 0.05
  LAMBDA: 0.5
TTAC:
  CLASSIFIER: fc
Successfully prepared test-time adaptation method: roid
Using the following domain sequence: ['gaussian_noise', 'shot_noise', 'impulse_noise', 'defocus_blur', 'glass_blur', 'motion_blur', 'zoom_blur', 'snow', 'frost', 'fog', 'brightness', 'contrast', 'elastic_transform', 'pixelate', 'jpeg_compression']
resetting model
cifar10_c error % [gaussian_noise5][#samples=5000]: 26.74%; 26.68%
cifar10_c error % [shot_noise5][#samples=5000]: 20.20%; 20.21%
cifar10_c error % [impulse_noise5][#samples=5000]: 28.42%; 28.38%
cifar10_c error % [defocus_blur5][#samples=5000]: 13.44%; 13.42%
cifar10_c error % [glass_blur5][#samples=5000]: 29.50%; 29.49%
cifar10_c error % [motion_blur5][#samples=5000]: 15.08%; 15.07%
cifar10_c error % [zoom_blur5][#samples=5000]: 13.28%; 13.27%
cifar10_c error % [snow5][#samples=5000]: 18.06%; 18.01%
cifar10_c error % [frost5][#samples=5000]: 17.72%; 17.72%
cifar10_c error % [fog5][#samples=5000]: 17.86%; 17.84%
cifar10_c error % [brightness5][#samples=5000]: 11.86%; 11.85%
cifar10_c error % [contrast5][#samples=5000]: 16.78%; 16.78%
cifar10_c error % [elastic_transform5][#samples=5000]: 25.58%; 25.55%
cifar10_c error % [pixelate5][#samples=5000]: 20.38%; 20.38%
cifar10_c error % [jpeg_compression5][#samples=5000]: 26.87%; 26.89%
mean error: 20.12%, mean error at 5: 20.12%, mean class error: 20.10%
